-- The C compiler identification is GNU 8.4.0
-- The CXX compiler identification is GNU 8.4.0
-- Check for working C compiler: /usr/bin/cc
-- Check for working C compiler: /usr/bin/cc -- works
-- Detecting C compiler ABI info
-- Detecting C compiler ABI info - done
-- Detecting C compile features
-- Detecting C compile features - done
-- Check for working CXX compiler: /usr/bin/c++
-- Check for working CXX compiler: /usr/bin/c++ -- works
-- Detecting CXX compiler ABI info
-- Detecting CXX compiler ABI info - done
-- Detecting CXX compile features
-- Detecting CXX compile features - done
-- Found ament_cmake: 0.9.12 (/opt/ros/foxy/share/ament_cmake/cmake)
-- Found PythonInterp: /usr/bin/python3 (found suitable version "3.8.10", minimum required is "3") 
-- Using PYTHON_EXECUTABLE: /usr/bin/python3
-- Found rclpy: 1.0.13 (/opt/ros/foxy/share/rclpy/cmake)
-- Configuring done
-- Generating done
-- Build files have been written to: /home/jetson/code/dofbot_ros2_ws/build/ros2_vision_arm_control
-- Install configuration: ""
-- Installing: /home/jetson/code/dofbot_ros2_ws/install/ros2_vision_arm_control/share/ros2_vision_arm_control/environment/pythonpath.sh
-- Installing: /home/jetson/code/dofbot_ros2_ws/install/ros2_vision_arm_control/share/ros2_vision_arm_control/environment/pythonpath.dsv
-- Installing: /home/jetson/code/dofbot_ros2_ws/install/ros2_vision_arm_control/lib/python3.8/site-packages/utils
-- Installing: /home/jetson/code/dofbot_ros2_ws/install/ros2_vision_arm_control/lib/python3.8/site-packages/utils/activations.py
-- Installing: /home/jetson/code/dofbot_ros2_ws/install/ros2_vision_arm_control/lib/python3.8/site-packages/utils/google_utils.py
-- Installing: /home/jetson/code/dofbot_ros2_ws/install/ros2_vision_arm_control/lib/python3.8/site-packages/utils/torch_utils.py
-- Installing: /home/jetson/code/dofbot_ros2_ws/install/ros2_vision_arm_control/lib/python3.8/site-packages/utils/general.py
-- Installing: /home/jetson/code/dofbot_ros2_ws/install/ros2_vision_arm_control/lib/python3.8/site-packages/utils/ikpy_utils.py
-- Installing: /home/jetson/code/dofbot_ros2_ws/install/ros2_vision_arm_control/lib/python3.8/site-packages/utils/datasets.py
-- Installing: /home/jetson/code/dofbot_ros2_ws/install/ros2_vision_arm_control/lib/python3.8/site-packages/utils/__init__.py
Listing '/home/jetson/code/dofbot_ros2_ws/install/ros2_vision_arm_control/lib/python3.8/site-packages/utils'...
Compiling '/home/jetson/code/dofbot_ros2_ws/install/ros2_vision_arm_control/lib/python3.8/site-packages/utils/__init__.py'...
Compiling '/home/jetson/code/dofbot_ros2_ws/install/ros2_vision_arm_control/lib/python3.8/site-packages/utils/activations.py'...
Compiling '/home/jetson/code/dofbot_ros2_ws/install/ros2_vision_arm_control/lib/python3.8/site-packages/utils/datasets.py'...
Compiling '/home/jetson/code/dofbot_ros2_ws/install/ros2_vision_arm_control/lib/python3.8/site-packages/utils/general.py'...
Compiling '/home/jetson/code/dofbot_ros2_ws/install/ros2_vision_arm_control/lib/python3.8/site-packages/utils/google_utils.py'...
Compiling '/home/jetson/code/dofbot_ros2_ws/install/ros2_vision_arm_control/lib/python3.8/site-packages/utils/ikpy_utils.py'...
Compiling '/home/jetson/code/dofbot_ros2_ws/install/ros2_vision_arm_control/lib/python3.8/site-packages/utils/torch_utils.py'...
-- Installing: /home/jetson/code/dofbot_ros2_ws/install/ros2_vision_arm_control/lib/python3.8/site-packages/models
-- Installing: /home/jetson/code/dofbot_ros2_ws/install/ros2_vision_arm_control/lib/python3.8/site-packages/models/experimental.py
-- Installing: /home/jetson/code/dofbot_ros2_ws/install/ros2_vision_arm_control/lib/python3.8/site-packages/models/common.py
-- Installing: /home/jetson/code/dofbot_ros2_ws/install/ros2_vision_arm_control/lib/python3.8/site-packages/models/yolov5s.yaml
-- Installing: /home/jetson/code/dofbot_ros2_ws/install/ros2_vision_arm_control/lib/python3.8/site-packages/models/yolov5x.yaml
-- Installing: /home/jetson/code/dofbot_ros2_ws/install/ros2_vision_arm_control/lib/python3.8/site-packages/models/yolov5m.yaml
-- Installing: /home/jetson/code/dofbot_ros2_ws/install/ros2_vision_arm_control/lib/python3.8/site-packages/models/yolo.py
-- Installing: /home/jetson/code/dofbot_ros2_ws/install/ros2_vision_arm_control/lib/python3.8/site-packages/models/__init__.py
-- Installing: /home/jetson/code/dofbot_ros2_ws/install/ros2_vision_arm_control/lib/python3.8/site-packages/models/hub
-- Installing: /home/jetson/code/dofbot_ros2_ws/install/ros2_vision_arm_control/lib/python3.8/site-packages/models/hub/yolov3-spp.yaml
-- Installing: /home/jetson/code/dofbot_ros2_ws/install/ros2_vision_arm_control/lib/python3.8/site-packages/models/hub/yolov5-fpn.yaml
-- Installing: /home/jetson/code/dofbot_ros2_ws/install/ros2_vision_arm_control/lib/python3.8/site-packages/models/hub/yolov5-panet.yaml
-- Installing: /home/jetson/code/dofbot_ros2_ws/install/ros2_vision_arm_control/lib/python3.8/site-packages/models/export.py
-- Installing: /home/jetson/code/dofbot_ros2_ws/install/ros2_vision_arm_control/lib/python3.8/site-packages/models/yolov5l.yaml
-- Installing: /home/jetson/code/dofbot_ros2_ws/install/ros2_vision_arm_control/lib/python3.8/site-packages/models/yolov5n.yaml
Listing '/home/jetson/code/dofbot_ros2_ws/install/ros2_vision_arm_control/lib/python3.8/site-packages/models'...
Compiling '/home/jetson/code/dofbot_ros2_ws/install/ros2_vision_arm_control/lib/python3.8/site-packages/models/__init__.py'...
Compiling '/home/jetson/code/dofbot_ros2_ws/install/ros2_vision_arm_control/lib/python3.8/site-packages/models/common.py'...
Compiling '/home/jetson/code/dofbot_ros2_ws/install/ros2_vision_arm_control/lib/python3.8/site-packages/models/experimental.py'...
Compiling '/home/jetson/code/dofbot_ros2_ws/install/ros2_vision_arm_control/lib/python3.8/site-packages/models/export.py'...
Listing '/home/jetson/code/dofbot_ros2_ws/install/ros2_vision_arm_control/lib/python3.8/site-packages/models/hub'...
Compiling '/home/jetson/code/dofbot_ros2_ws/install/ros2_vision_arm_control/lib/python3.8/site-packages/models/yolo.py'...
-- Installing: /home/jetson/code/dofbot_ros2_ws/install/ros2_vision_arm_control/lib/ros2_vision_arm_control/__init__.py
-- Installing: /home/jetson/code/dofbot_ros2_ws/install/ros2_vision_arm_control/lib/ros2_vision_arm_control/camera_node.py
-- Installing: /home/jetson/code/dofbot_ros2_ws/install/ros2_vision_arm_control/lib/ros2_vision_arm_control/arm_control.py
-- Installing: /home/jetson/code/dofbot_ros2_ws/install/ros2_vision_arm_control/lib/ros2_vision_arm_control/yolo_detector.py
-- Installing: /home/jetson/code/dofbot_ros2_ws/install/ros2_vision_arm_control/share/ros2_vision_arm_control/launch
-- Installing: /home/jetson/code/dofbot_ros2_ws/install/ros2_vision_arm_control/share/ros2_vision_arm_control/launch/vision_arm_launch.py
-- Installing: /home/jetson/code/dofbot_ros2_ws/install/ros2_vision_arm_control/lib/ros2_vision_arm_control/meshes
-- Installing: /home/jetson/code/dofbot_ros2_ws/install/ros2_vision_arm_control/lib/ros2_vision_arm_control/meshes/link4.STL
-- Installing: /home/jetson/code/dofbot_ros2_ws/install/ros2_vision_arm_control/lib/ros2_vision_arm_control/meshes/base_link.STL
-- Installing: /home/jetson/code/dofbot_ros2_ws/install/ros2_vision_arm_control/lib/ros2_vision_arm_control/meshes/link3.STL
-- Installing: /home/jetson/code/dofbot_ros2_ws/install/ros2_vision_arm_control/lib/ros2_vision_arm_control/meshes/link2.STL
-- Installing: /home/jetson/code/dofbot_ros2_ws/install/ros2_vision_arm_control/lib/ros2_vision_arm_control/meshes/link5.STL
-- Installing: /home/jetson/code/dofbot_ros2_ws/install/ros2_vision_arm_control/lib/ros2_vision_arm_control/meshes/link1.STL
-- Installing: /home/jetson/code/dofbot_ros2_ws/install/ros2_vision_arm_control/lib/ros2_vision_arm_control/yolo_weight
-- Installing: /home/jetson/code/dofbot_ros2_ws/install/ros2_vision_arm_control/lib/ros2_vision_arm_control/yolo_weight/yolov5n_0214.pt
-- Installing: /home/jetson/code/dofbot_ros2_ws/install/ros2_vision_arm_control/lib/ros2_vision_arm_control/urdf
-- Installing: /home/jetson/code/dofbot_ros2_ws/install/ros2_vision_arm_control/lib/ros2_vision_arm_control/urdf/dofbot.urdf
-- Installing: /home/jetson/code/dofbot_ros2_ws/install/ros2_vision_arm_control/share/ament_index/resource_index/package_run_dependencies/ros2_vision_arm_control
-- Installing: /home/jetson/code/dofbot_ros2_ws/install/ros2_vision_arm_control/share/ament_index/resource_index/parent_prefix_path/ros2_vision_arm_control
-- Installing: /home/jetson/code/dofbot_ros2_ws/install/ros2_vision_arm_control/share/ros2_vision_arm_control/environment/ament_prefix_path.sh
-- Installing: /home/jetson/code/dofbot_ros2_ws/install/ros2_vision_arm_control/share/ros2_vision_arm_control/environment/ament_prefix_path.dsv
-- Installing: /home/jetson/code/dofbot_ros2_ws/install/ros2_vision_arm_control/share/ros2_vision_arm_control/environment/path.sh
-- Installing: /home/jetson/code/dofbot_ros2_ws/install/ros2_vision_arm_control/share/ros2_vision_arm_control/environment/path.dsv
-- Installing: /home/jetson/code/dofbot_ros2_ws/install/ros2_vision_arm_control/share/ros2_vision_arm_control/local_setup.bash
-- Installing: /home/jetson/code/dofbot_ros2_ws/install/ros2_vision_arm_control/share/ros2_vision_arm_control/local_setup.sh
-- Installing: /home/jetson/code/dofbot_ros2_ws/install/ros2_vision_arm_control/share/ros2_vision_arm_control/local_setup.zsh
-- Installing: /home/jetson/code/dofbot_ros2_ws/install/ros2_vision_arm_control/share/ros2_vision_arm_control/local_setup.dsv
-- Installing: /home/jetson/code/dofbot_ros2_ws/install/ros2_vision_arm_control/share/ros2_vision_arm_control/package.dsv
-- Installing: /home/jetson/code/dofbot_ros2_ws/install/ros2_vision_arm_control/share/ament_index/resource_index/packages/ros2_vision_arm_control
-- Installing: /home/jetson/code/dofbot_ros2_ws/install/ros2_vision_arm_control/share/ros2_vision_arm_control/cmake/ros2_vision_arm_controlConfig.cmake
-- Installing: /home/jetson/code/dofbot_ros2_ws/install/ros2_vision_arm_control/share/ros2_vision_arm_control/cmake/ros2_vision_arm_controlConfig-version.cmake
-- Installing: /home/jetson/code/dofbot_ros2_ws/install/ros2_vision_arm_control/share/ros2_vision_arm_control/package.xml
