[2.094s] DEBUG:colcon:Command line arguments: ['/usr/bin/colcon', 'build']
[2.095s] DEBUG:colcon:Parsed command line arguments: Namespace(allow_overriding=[], ament_cmake_args=None, base_paths=['.'], build_base='build', catkin_cmake_args=None, catkin_skip_building_tests=False, cmake_args=None, cmake_clean_cache=False, cmake_clean_first=False, cmake_force_configure=False, cmake_target=None, cmake_target_skip_unavailable=False, continue_on_error=False, event_handlers=None, executor='parallel', ignore_user_meta=False, install_base='install', log_base=None, log_level=None, main=<bound method BuildVerb.main of <colcon_core.verb.build.BuildVerb object at 0x7fb2a4c2b0>>, merge_install=False, metas=['./colcon.meta'], packages_above=None, packages_above_and_dependencies=None, packages_above_depth=None, packages_end=None, packages_ignore=None, packages_ignore_regex=None, packages_select=None, packages_select_build_failed=False, packages_select_by_dep=None, packages_select_regex=None, packages_select_test_failures=False, packages_skip=None, packages_skip_build_finished=False, packages_skip_by_dep=None, packages_skip_regex=None, packages_skip_test_passed=False, packages_skip_up_to=None, packages_start=None, packages_up_to=None, packages_up_to_regex=None, parallel_workers=4, paths=None, symlink_install=False, test_result_base=None, verb_extension=<colcon_core.verb.build.BuildVerb object at 0x7fb2a4c2b0>, verb_name='build', verb_parser=<colcon_defaults.argument_parser.defaults.DefaultArgumentsDecorator object at 0x7fb290cb20>)
[3.605s] Level 1:colcon.colcon_core.package_discovery:discover_packages(colcon_meta) check parameters
[3.608s] Level 1:colcon.colcon_core.package_discovery:discover_packages(recursive) check parameters
[3.608s] Level 1:colcon.colcon_core.package_discovery:discover_packages(ignore) check parameters
[3.608s] Level 1:colcon.colcon_core.package_discovery:discover_packages(path) check parameters
[3.608s] Level 1:colcon.colcon_core.package_discovery:discover_packages(colcon_meta) discover
[3.609s] Level 1:colcon.colcon_core.package_discovery:discover_packages(recursive) discover
[3.609s] INFO:colcon.colcon_core.package_discovery:Crawling recursively for packages in '/home/jetson/code/dofbot_ros2_ws'
[3.609s] Level 1:colcon.colcon_core.package_identification:_identify(.) by extensions ['ignore', 'ignore_ament_install']
[3.610s] Level 1:colcon.colcon_core.package_identification:_identify(.) by extension 'ignore'
[3.610s] Level 1:colcon.colcon_core.package_identification:_identify(.) by extension 'ignore_ament_install'
[3.611s] Level 1:colcon.colcon_core.package_identification:_identify(.) by extensions ['colcon_pkg']
[3.611s] Level 1:colcon.colcon_core.package_identification:_identify(.) by extension 'colcon_pkg'
[3.611s] Level 1:colcon.colcon_core.package_identification:_identify(.) by extensions ['colcon_meta']
[3.612s] Level 1:colcon.colcon_core.package_identification:_identify(.) by extension 'colcon_meta'
[3.612s] Level 1:colcon.colcon_core.package_identification:_identify(.) by extensions ['ros']
[3.612s] Level 1:colcon.colcon_core.package_identification:_identify(.) by extension 'ros'
[3.800s] Level 1:colcon.colcon_core.package_identification:_identify(.) by extensions ['cmake', 'python']
[3.800s] Level 1:colcon.colcon_core.package_identification:_identify(.) by extension 'cmake'
[3.800s] Level 1:colcon.colcon_core.package_identification:_identify(.) by extension 'python'
[3.801s] Level 1:colcon.colcon_core.package_identification:_identify(.) by extensions ['python_setup_py']
[3.801s] Level 1:colcon.colcon_core.package_identification:_identify(.) by extension 'python_setup_py'
[3.801s] Level 1:colcon.colcon_core.package_identification:_identify(build) by extensions ['ignore', 'ignore_ament_install']
[3.802s] Level 1:colcon.colcon_core.package_identification:_identify(build) by extension 'ignore'
[3.802s] Level 1:colcon.colcon_core.package_identification:_identify(build) ignored
[3.815s] Level 1:colcon.colcon_core.package_identification:_identify(install) by extensions ['ignore', 'ignore_ament_install']
[3.816s] Level 1:colcon.colcon_core.package_identification:_identify(install) by extension 'ignore'
[3.816s] Level 1:colcon.colcon_core.package_identification:_identify(install) ignored
[3.816s] Level 1:colcon.colcon_core.package_identification:_identify(log) by extensions ['ignore', 'ignore_ament_install']
[3.817s] Level 1:colcon.colcon_core.package_identification:_identify(log) by extension 'ignore'
[3.817s] Level 1:colcon.colcon_core.package_identification:_identify(log) ignored
[3.817s] Level 1:colcon.colcon_core.package_identification:_identify(src) by extensions ['ignore', 'ignore_ament_install']
[3.818s] Level 1:colcon.colcon_core.package_identification:_identify(src) by extension 'ignore'
[3.818s] Level 1:colcon.colcon_core.package_identification:_identify(src) by extension 'ignore_ament_install'
[3.818s] Level 1:colcon.colcon_core.package_identification:_identify(src) by extensions ['colcon_pkg']
[3.819s] Level 1:colcon.colcon_core.package_identification:_identify(src) by extension 'colcon_pkg'
[3.819s] Level 1:colcon.colcon_core.package_identification:_identify(src) by extensions ['colcon_meta']
[3.819s] Level 1:colcon.colcon_core.package_identification:_identify(src) by extension 'colcon_meta'
[3.819s] Level 1:colcon.colcon_core.package_identification:_identify(src) by extensions ['ros']
[3.820s] Level 1:colcon.colcon_core.package_identification:_identify(src) by extension 'ros'
[3.820s] Level 1:colcon.colcon_core.package_identification:_identify(src) by extensions ['cmake', 'python']
[3.820s] Level 1:colcon.colcon_core.package_identification:_identify(src) by extension 'cmake'
[3.821s] Level 1:colcon.colcon_core.package_identification:_identify(src) by extension 'python'
[3.821s] Level 1:colcon.colcon_core.package_identification:_identify(src) by extensions ['python_setup_py']
[3.821s] Level 1:colcon.colcon_core.package_identification:_identify(src) by extension 'python_setup_py'
[3.822s] Level 1:colcon.colcon_core.package_identification:_identify(src/ros2_vision_arm_control) by extensions ['ignore', 'ignore_ament_install']
[3.822s] Level 1:colcon.colcon_core.package_identification:_identify(src/ros2_vision_arm_control) by extension 'ignore'
[3.823s] Level 1:colcon.colcon_core.package_identification:_identify(src/ros2_vision_arm_control) by extension 'ignore_ament_install'
[3.823s] Level 1:colcon.colcon_core.package_identification:_identify(src/ros2_vision_arm_control) by extensions ['colcon_pkg']
[3.823s] Level 1:colcon.colcon_core.package_identification:_identify(src/ros2_vision_arm_control) by extension 'colcon_pkg'
[3.824s] Level 1:colcon.colcon_core.package_identification:_identify(src/ros2_vision_arm_control) by extensions ['colcon_meta']
[3.824s] Level 1:colcon.colcon_core.package_identification:_identify(src/ros2_vision_arm_control) by extension 'colcon_meta'
[3.824s] Level 1:colcon.colcon_core.package_identification:_identify(src/ros2_vision_arm_control) by extensions ['ros']
[3.824s] Level 1:colcon.colcon_core.package_identification:_identify(src/ros2_vision_arm_control) by extension 'ros'
[3.860s] DEBUG:colcon.colcon_core.package_identification:Package 'src/ros2_vision_arm_control' with type 'ros.ament_cmake' and name 'ros2_vision_arm_control'
[3.861s] Level 1:colcon.colcon_core.package_discovery:discover_packages(recursive) using defaults
[3.861s] Level 1:colcon.colcon_core.package_discovery:discover_packages(ignore) discover
[3.861s] Level 1:colcon.colcon_core.package_discovery:discover_packages(ignore) using defaults
[3.861s] Level 1:colcon.colcon_core.package_discovery:discover_packages(path) discover
[3.861s] Level 1:colcon.colcon_core.package_discovery:discover_packages(path) using defaults
[4.079s] Level 1:colcon.colcon_core.package_discovery:discover_packages(prefix_path) check parameters
[4.080s] Level 1:colcon.colcon_core.package_discovery:discover_packages(prefix_path) discover
[4.088s] WARNING:colcon.colcon_ros.prefix_path.ament:The path '/home/jetson/code/dofbot_ros2_ws/install/ros2_vision_arm_control' in the environment variable AMENT_PREFIX_PATH doesn't exist
[4.090s] WARNING:colcon.colcon_ros.prefix_path.catkin:The path '/home/jetson/code/dofbot_ros2_ws/install/ros2_vision_arm_control' in the environment variable CMAKE_PREFIX_PATH doesn't exist
[4.095s] DEBUG:colcon.colcon_installed_package_information.package_discovery:Found 0 installed packages in /home/jetson/code/dofbot_ros2_ws/install
[4.098s] DEBUG:colcon.colcon_installed_package_information.package_discovery:Found 4 installed packages in /home/jetson/code/cv_bridge_ws/install
[4.122s] DEBUG:colcon.colcon_installed_package_information.package_discovery:Found 288 installed packages in /opt/ros/foxy
[4.134s] Level 1:colcon.colcon_core.package_discovery:discover_packages(prefix_path) using defaults
[4.808s] Level 5:colcon.colcon_core.verb:set package 'ros2_vision_arm_control' build argument 'cmake_args' from command line to 'None'
[4.808s] Level 5:colcon.colcon_core.verb:set package 'ros2_vision_arm_control' build argument 'cmake_target' from command line to 'None'
[4.808s] Level 5:colcon.colcon_core.verb:set package 'ros2_vision_arm_control' build argument 'cmake_target_skip_unavailable' from command line to 'False'
[4.809s] Level 5:colcon.colcon_core.verb:set package 'ros2_vision_arm_control' build argument 'cmake_clean_cache' from command line to 'False'
[4.809s] Level 5:colcon.colcon_core.verb:set package 'ros2_vision_arm_control' build argument 'cmake_clean_first' from command line to 'False'
[4.809s] Level 5:colcon.colcon_core.verb:set package 'ros2_vision_arm_control' build argument 'cmake_force_configure' from command line to 'False'
[4.809s] Level 5:colcon.colcon_core.verb:set package 'ros2_vision_arm_control' build argument 'ament_cmake_args' from command line to 'None'
[4.809s] Level 5:colcon.colcon_core.verb:set package 'ros2_vision_arm_control' build argument 'catkin_cmake_args' from command line to 'None'
[4.809s] Level 5:colcon.colcon_core.verb:set package 'ros2_vision_arm_control' build argument 'catkin_skip_building_tests' from command line to 'False'
[4.809s] DEBUG:colcon.colcon_core.verb:Building package 'ros2_vision_arm_control' with the following arguments: {'ament_cmake_args': None, 'build_base': '/home/jetson/code/dofbot_ros2_ws/build/ros2_vision_arm_control', 'catkin_cmake_args': None, 'catkin_skip_building_tests': False, 'cmake_args': None, 'cmake_clean_cache': False, 'cmake_clean_first': False, 'cmake_force_configure': False, 'cmake_target': None, 'cmake_target_skip_unavailable': False, 'install_base': '/home/jetson/code/dofbot_ros2_ws/install/ros2_vision_arm_control', 'merge_install': False, 'path': '/home/jetson/code/dofbot_ros2_ws/src/ros2_vision_arm_control', 'symlink_install': False, 'test_result_base': None}
[4.810s] INFO:colcon.colcon_core.executor:Executing jobs using 'parallel' executor
[4.814s] DEBUG:colcon.colcon_parallel_executor.executor.parallel:run_until_complete
[4.815s] INFO:colcon.colcon_ros.task.ament_cmake.build:Building ROS package in '/home/jetson/code/dofbot_ros2_ws/src/ros2_vision_arm_control' with build type 'ament_cmake'
[4.816s] INFO:colcon.colcon_cmake.task.cmake.build:Building CMake package in '/home/jetson/code/dofbot_ros2_ws/src/ros2_vision_arm_control'
[4.836s] INFO:colcon.colcon_core.plugin_system:Skipping extension 'colcon_core.shell.bat': Not used on non-Windows systems
[4.837s] INFO:colcon.colcon_core.shell:Skip shell extension 'powershell' for command environment: Not usable outside of PowerShell
[4.837s] DEBUG:colcon.colcon_core.shell:Skip shell extension 'dsv' for command environment
[4.882s] DEBUG:colcon.colcon_core.event_handler.log_command:Invoking command in '/home/jetson/code/dofbot_ros2_ws/build/ros2_vision_arm_control': CMAKE_PREFIX_PATH=${CMAKE_PREFIX_PATH}:/home/jetson/code/cv_bridge_ws/install/opencv_tests:/opt/ros/foxy /usr/bin/cmake /home/jetson/code/dofbot_ros2_ws/src/ros2_vision_arm_control -DCMAKE_INSTALL_PREFIX=/home/jetson/code/dofbot_ros2_ws/install/ros2_vision_arm_control
[9.877s] DEBUG:colcon.colcon_core.event_handler.log_command:Invoked command in '/home/jetson/code/dofbot_ros2_ws/build/ros2_vision_arm_control' returned '0': CMAKE_PREFIX_PATH=${CMAKE_PREFIX_PATH}:/home/jetson/code/cv_bridge_ws/install/opencv_tests:/opt/ros/foxy /usr/bin/cmake /home/jetson/code/dofbot_ros2_ws/src/ros2_vision_arm_control -DCMAKE_INSTALL_PREFIX=/home/jetson/code/dofbot_ros2_ws/install/ros2_vision_arm_control
[9.889s] DEBUG:colcon.colcon_core.event_handler.log_command:Invoking command in '/home/jetson/code/dofbot_ros2_ws/build/ros2_vision_arm_control': CMAKE_PREFIX_PATH=${CMAKE_PREFIX_PATH}:/home/jetson/code/cv_bridge_ws/install/opencv_tests:/opt/ros/foxy /usr/bin/cmake --build /home/jetson/code/dofbot_ros2_ws/build/ros2_vision_arm_control -- -j4 -l4
[10.060s] DEBUG:colcon.colcon_core.event_handler.log_command:Invoked command in '/home/jetson/code/dofbot_ros2_ws/build/ros2_vision_arm_control' returned '0': CMAKE_PREFIX_PATH=${CMAKE_PREFIX_PATH}:/home/jetson/code/cv_bridge_ws/install/opencv_tests:/opt/ros/foxy /usr/bin/cmake --build /home/jetson/code/dofbot_ros2_ws/build/ros2_vision_arm_control -- -j4 -l4
[10.107s] DEBUG:colcon.colcon_core.event_handler.log_command:Invoking command in '/home/jetson/code/dofbot_ros2_ws/build/ros2_vision_arm_control': CMAKE_PREFIX_PATH=${CMAKE_PREFIX_PATH}:/home/jetson/code/cv_bridge_ws/install/opencv_tests:/opt/ros/foxy /usr/bin/cmake --install /home/jetson/code/dofbot_ros2_ws/build/ros2_vision_arm_control
[11.598s] Level 1:colcon.colcon_core.environment:create_environment_scripts_only(ros2_vision_arm_control)
[11.601s] DEBUG:colcon.colcon_core.event_handler.log_command:Invoked command in '/home/jetson/code/dofbot_ros2_ws/build/ros2_vision_arm_control' returned '0': CMAKE_PREFIX_PATH=${CMAKE_PREFIX_PATH}:/home/jetson/code/cv_bridge_ws/install/opencv_tests:/opt/ros/foxy /usr/bin/cmake --install /home/jetson/code/dofbot_ros2_ws/build/ros2_vision_arm_control
[11.625s] Level 1:colcon.colcon_core.environment:checking '/home/jetson/code/dofbot_ros2_ws/install/ros2_vision_arm_control' for CMake module files
[11.628s] Level 1:colcon.colcon_core.environment:checking '/home/jetson/code/dofbot_ros2_ws/install/ros2_vision_arm_control' for CMake config files
[11.631s] Level 1:colcon.colcon_core.shell:create_environment_hook('ros2_vision_arm_control', 'cmake_prefix_path')
[11.633s] INFO:colcon.colcon_core.shell:Creating environment hook '/home/jetson/code/dofbot_ros2_ws/install/ros2_vision_arm_control/share/ros2_vision_arm_control/hook/cmake_prefix_path.ps1'
[11.639s] INFO:colcon.colcon_core.shell:Creating environment descriptor '/home/jetson/code/dofbot_ros2_ws/install/ros2_vision_arm_control/share/ros2_vision_arm_control/hook/cmake_prefix_path.dsv'
[11.643s] INFO:colcon.colcon_core.shell:Creating environment hook '/home/jetson/code/dofbot_ros2_ws/install/ros2_vision_arm_control/share/ros2_vision_arm_control/hook/cmake_prefix_path.sh'
[11.650s] Level 1:colcon.colcon_core.environment:checking '/home/jetson/code/dofbot_ros2_ws/install/ros2_vision_arm_control/lib'
[11.651s] Level 1:colcon.colcon_core.environment:checking '/home/jetson/code/dofbot_ros2_ws/install/ros2_vision_arm_control/bin'
[11.652s] Level 1:colcon.colcon_core.environment:checking '/home/jetson/code/dofbot_ros2_ws/install/ros2_vision_arm_control/lib/pkgconfig/ros2_vision_arm_control.pc'
[11.653s] Level 1:colcon.colcon_core.environment:checking '/home/jetson/code/dofbot_ros2_ws/install/ros2_vision_arm_control/lib/python3.8/site-packages'
[11.653s] Level 1:colcon.colcon_core.shell:create_environment_hook('ros2_vision_arm_control', 'pythonpath')
[11.655s] INFO:colcon.colcon_core.shell:Creating environment hook '/home/jetson/code/dofbot_ros2_ws/install/ros2_vision_arm_control/share/ros2_vision_arm_control/hook/pythonpath.ps1'
[11.658s] INFO:colcon.colcon_core.shell:Creating environment descriptor '/home/jetson/code/dofbot_ros2_ws/install/ros2_vision_arm_control/share/ros2_vision_arm_control/hook/pythonpath.dsv'
[11.660s] INFO:colcon.colcon_core.shell:Creating environment hook '/home/jetson/code/dofbot_ros2_ws/install/ros2_vision_arm_control/share/ros2_vision_arm_control/hook/pythonpath.sh'
[11.663s] Level 1:colcon.colcon_core.environment:checking '/home/jetson/code/dofbot_ros2_ws/install/ros2_vision_arm_control/bin'
[11.666s] INFO:colcon.colcon_core.shell:Creating package script '/home/jetson/code/dofbot_ros2_ws/install/ros2_vision_arm_control/share/ros2_vision_arm_control/package.ps1'
[11.672s] INFO:colcon.colcon_core.shell:Creating package descriptor '/home/jetson/code/dofbot_ros2_ws/install/ros2_vision_arm_control/share/ros2_vision_arm_control/package.dsv'
[11.677s] INFO:colcon.colcon_core.shell:Creating package script '/home/jetson/code/dofbot_ros2_ws/install/ros2_vision_arm_control/share/ros2_vision_arm_control/package.sh'
[11.682s] INFO:colcon.colcon_core.shell:Creating package script '/home/jetson/code/dofbot_ros2_ws/install/ros2_vision_arm_control/share/ros2_vision_arm_control/package.bash'
[11.689s] INFO:colcon.colcon_core.shell:Creating package script '/home/jetson/code/dofbot_ros2_ws/install/ros2_vision_arm_control/share/ros2_vision_arm_control/package.zsh'
[11.695s] Level 1:colcon.colcon_core.environment:create_file_with_runtime_dependencies(/home/jetson/code/dofbot_ros2_ws/install/ros2_vision_arm_control/share/colcon-core/packages/ros2_vision_arm_control)
[11.699s] Level 1:colcon.colcon_core.environment:create_environment_scripts_only(ros2_vision_arm_control)
[11.700s] Level 1:colcon.colcon_core.environment:checking '/home/jetson/code/dofbot_ros2_ws/install/ros2_vision_arm_control' for CMake module files
[11.704s] Level 1:colcon.colcon_core.environment:checking '/home/jetson/code/dofbot_ros2_ws/install/ros2_vision_arm_control' for CMake config files
[11.707s] Level 1:colcon.colcon_core.shell:create_environment_hook('ros2_vision_arm_control', 'cmake_prefix_path')
[11.709s] INFO:colcon.colcon_core.shell:Creating environment hook '/home/jetson/code/dofbot_ros2_ws/install/ros2_vision_arm_control/share/ros2_vision_arm_control/hook/cmake_prefix_path.ps1'
[11.710s] INFO:colcon.colcon_core.shell:Creating environment descriptor '/home/jetson/code/dofbot_ros2_ws/install/ros2_vision_arm_control/share/ros2_vision_arm_control/hook/cmake_prefix_path.dsv'
[11.712s] INFO:colcon.colcon_core.shell:Creating environment hook '/home/jetson/code/dofbot_ros2_ws/install/ros2_vision_arm_control/share/ros2_vision_arm_control/hook/cmake_prefix_path.sh'
[11.715s] Level 1:colcon.colcon_core.environment:checking '/home/jetson/code/dofbot_ros2_ws/install/ros2_vision_arm_control/lib'
[11.715s] Level 1:colcon.colcon_core.environment:checking '/home/jetson/code/dofbot_ros2_ws/install/ros2_vision_arm_control/bin'
[11.716s] Level 1:colcon.colcon_core.environment:checking '/home/jetson/code/dofbot_ros2_ws/install/ros2_vision_arm_control/lib/pkgconfig/ros2_vision_arm_control.pc'
[11.716s] Level 1:colcon.colcon_core.environment:checking '/home/jetson/code/dofbot_ros2_ws/install/ros2_vision_arm_control/lib/python3.8/site-packages'
[11.717s] Level 1:colcon.colcon_core.shell:create_environment_hook('ros2_vision_arm_control', 'pythonpath')
[11.718s] INFO:colcon.colcon_core.shell:Creating environment hook '/home/jetson/code/dofbot_ros2_ws/install/ros2_vision_arm_control/share/ros2_vision_arm_control/hook/pythonpath.ps1'
[11.720s] INFO:colcon.colcon_core.shell:Creating environment descriptor '/home/jetson/code/dofbot_ros2_ws/install/ros2_vision_arm_control/share/ros2_vision_arm_control/hook/pythonpath.dsv'
[11.722s] INFO:colcon.colcon_core.shell:Creating environment hook '/home/jetson/code/dofbot_ros2_ws/install/ros2_vision_arm_control/share/ros2_vision_arm_control/hook/pythonpath.sh'
[11.725s] Level 1:colcon.colcon_core.environment:checking '/home/jetson/code/dofbot_ros2_ws/install/ros2_vision_arm_control/bin'
[11.727s] INFO:colcon.colcon_core.shell:Creating package script '/home/jetson/code/dofbot_ros2_ws/install/ros2_vision_arm_control/share/ros2_vision_arm_control/package.ps1'
[11.729s] INFO:colcon.colcon_core.shell:Creating package descriptor '/home/jetson/code/dofbot_ros2_ws/install/ros2_vision_arm_control/share/ros2_vision_arm_control/package.dsv'
[11.732s] INFO:colcon.colcon_core.shell:Creating package script '/home/jetson/code/dofbot_ros2_ws/install/ros2_vision_arm_control/share/ros2_vision_arm_control/package.sh'
[11.734s] INFO:colcon.colcon_core.shell:Creating package script '/home/jetson/code/dofbot_ros2_ws/install/ros2_vision_arm_control/share/ros2_vision_arm_control/package.bash'
[11.737s] INFO:colcon.colcon_core.shell:Creating package script '/home/jetson/code/dofbot_ros2_ws/install/ros2_vision_arm_control/share/ros2_vision_arm_control/package.zsh'
[11.739s] Level 1:colcon.colcon_core.environment:create_file_with_runtime_dependencies(/home/jetson/code/dofbot_ros2_ws/install/ros2_vision_arm_control/share/colcon-core/packages/ros2_vision_arm_control)
[11.740s] DEBUG:colcon.colcon_parallel_executor.executor.parallel:closing loop
[11.742s] DEBUG:colcon.colcon_parallel_executor.executor.parallel:loop closed
[11.742s] DEBUG:colcon.colcon_parallel_executor.executor.parallel:run_until_complete finished with '0'
[11.742s] DEBUG:colcon.colcon_core.event_reactor:joining thread
[11.801s] INFO:colcon.colcon_core.plugin_system:Skipping extension 'colcon_notification.desktop_notification.terminal_notifier': Not used on non-Darwin systems
[11.801s] INFO:colcon.colcon_core.plugin_system:Skipping extension 'colcon_notification.desktop_notification.win32': Not used on non-Windows systems
[11.802s] INFO:colcon.colcon_notification.desktop_notification:Sending desktop notification using 'notify2'
[11.949s] DEBUG:colcon.colcon_notification.desktop_notification.notify2:Failed to initialize notify2: org.freedesktop.DBus.Error.Spawn.ChildExited: Process org.freedesktop.Notifications exited with status 1
[11.950s] DEBUG:colcon.colcon_core.event_reactor:joined thread
[11.951s] INFO:colcon.colcon_core.shell:Creating prefix script '/home/jetson/code/dofbot_ros2_ws/install/local_setup.ps1'
[11.956s] INFO:colcon.colcon_core.shell:Creating prefix util module '/home/jetson/code/dofbot_ros2_ws/install/_local_setup_util_ps1.py'
[11.964s] INFO:colcon.colcon_core.shell:Creating prefix chain script '/home/jetson/code/dofbot_ros2_ws/install/setup.ps1'
[11.972s] INFO:colcon.colcon_core.shell:Creating prefix script '/home/jetson/code/dofbot_ros2_ws/install/local_setup.sh'
[11.975s] INFO:colcon.colcon_core.shell:Creating prefix util module '/home/jetson/code/dofbot_ros2_ws/install/_local_setup_util_sh.py'
[11.978s] INFO:colcon.colcon_core.shell:Creating prefix chain script '/home/jetson/code/dofbot_ros2_ws/install/setup.sh'
[11.986s] INFO:colcon.colcon_core.shell:Creating prefix script '/home/jetson/code/dofbot_ros2_ws/install/local_setup.bash'
[11.990s] INFO:colcon.colcon_core.shell:Creating prefix chain script '/home/jetson/code/dofbot_ros2_ws/install/setup.bash'
[11.997s] INFO:colcon.colcon_core.shell:Creating prefix script '/home/jetson/code/dofbot_ros2_ws/install/local_setup.zsh'
[12.000s] INFO:colcon.colcon_core.shell:Creating prefix chain script '/home/jetson/code/dofbot_ros2_ws/install/setup.zsh'
