[0.066s] Invoking command in '/home/jetson/code/cv_bridge_ws/build/cv_bridge': CMAKE_PREFIX_PATH=/opt/ros/foxy /usr/bin/cmake /home/jetson/code/cv_bridge_ws/src/vision_opencv/cv_bridge -DAMENT_CMAKE_SYMLINK_INSTALL=1 -DCMAKE_INSTALL_PREFIX=/home/jetson/code/cv_bridge_ws/install/cv_bridge
[0.754s] -- The C compiler identification is GNU 8.4.0
[1.227s] -- The CXX compiler identification is GNU 8.4.0
[1.256s] -- Check for working C compiler: /usr/bin/cc
[1.548s] -- Check for working C compiler: /usr/bin/cc -- works
[1.551s] -- Detecting C compiler ABI info
[1.835s] -- Detecting C compiler ABI info - done
[1.888s] -- Detecting C compile features
[1.889s] -- Detecting C compile features - done
[1.899s] -- Check for working CXX compiler: /usr/bin/c++
[2.226s] -- Check for working CXX compiler: /usr/bin/c++ -- works
[2.235s] -- Detecting CXX compiler ABI info
[2.586s] -- Detecting CXX compiler ABI info - done
[2.642s] -- Detecting CXX compile features
[2.644s] -- Detecting CXX compile features - done
[2.670s] -- Found ament_cmake_ros: 0.9.2 (/opt/ros/foxy/share/ament_cmake_ros/cmake)
[2.858s] -- Found PythonInterp: /usr/bin/python3 (found suitable version "3.8.10", minimum required is "3") 
[2.859s] -- Using PYTHON_EXECUTABLE: /usr/bin/python3
[3.957s] -- Override CMake install command with custom implementation using symlinks instead of copying resources
[4.211s] -- Found PythonLibs: /usr/lib/aarch64-linux-gnu/libpython3.8.so (found version "3.8.10") 
[4.272s] -- Boost_VERSION_STRING: 1.71.0
[4.303s] -- Found Boost: /usr/lib/aarch64-linux-gnu/cmake/Boost-1.71.0/BoostConfig.cmake (found version "1.71.0") found components: python38 
[4.319s] -- Found rcpputils: 1.3.2 (/opt/ros/foxy/share/rcpputils/cmake)
[4.380s] -- Found sensor_msgs: 2.0.5 (/opt/ros/foxy/share/sensor_msgs/cmake)
[4.518s] -- Using all available rosidl_typesupport_c: rosidl_typesupport_fastrtps_c;rosidl_typesupport_introspection_c
[4.576s] -- Found rosidl_adapter: 1.3.1 (/opt/ros/foxy/share/rosidl_adapter/cmake)
[5.049s] -- Found OpenSSL: /usr/lib/aarch64-linux-gnu/libcrypto.so (found version "1.1.1f")  
[5.177s] -- Found FastRTPS: /opt/ros/foxy/include  
[5.593s] -- Using all available rosidl_typesupport_cpp: rosidl_typesupport_fastrtps_cpp;rosidl_typesupport_introspection_cpp
[6.478s] -- Looking for pthread.h
[6.779s] -- Looking for pthread.h - found
[6.779s] -- Performing Test CMAKE_HAVE_LIBC_PTHREAD
[7.064s] -- Performing Test CMAKE_HAVE_LIBC_PTHREAD - Failed
[7.066s] -- Looking for pthread_create in pthreads
[7.295s] -- Looking for pthread_create in pthreads - not found
[7.296s] -- Looking for pthread_create in pthread
[7.578s] -- Looking for pthread_create in pthread - found
[7.582s] -- Found Threads: TRUE  
[7.619s] -- Found CUDA: /usr/local/cuda (found suitable exact version "10.2") 
[7.827s] -- Performing Test COMPILER_HAS_HIDDEN_VISIBILITY
[8.153s] -- Performing Test COMPILER_HAS_HIDDEN_VISIBILITY - Success
[8.157s] -- Performing Test COMPILER_HAS_HIDDEN_INLINE_VISIBILITY
[8.467s] -- Performing Test COMPILER_HAS_HIDDEN_INLINE_VISIBILITY - Success
[8.469s] -- Performing Test COMPILER_HAS_DEPRECATED_ATTR
[8.986s] -- Performing Test COMPILER_HAS_DEPRECATED_ATTR - Success
[9.203s] -- Found PythonInterp: /usr/bin/python3 (found version "3.8.10") 
[9.221s] -- Found PythonLibs: /usr/lib/aarch64-linux-gnu/libpython3.8.so (found suitable version "3.8.10", minimum required is "3.8") 
[10.403s] -- Found ament_lint_auto: 0.9.8 (/opt/ros/foxy/share/ament_lint_auto/cmake)
[11.067s] -- Found gtest sources under '/opt/ros/foxy/src/gtest_vendor': C++ tests using 'Google Test' will be built
[11.078s] -- Check if compiler accepts -pthread
[12.239s] -- Check if compiler accepts -pthread - yes
[23.469s] -- Configuring done
[23.553s] -- Generating done
[23.717s] -- Build files have been written to: /home/jetson/code/cv_bridge_ws/build/cv_bridge
[23.747s] Invoked command in '/home/jetson/code/cv_bridge_ws/build/cv_bridge' returned '0': CMAKE_PREFIX_PATH=/opt/ros/foxy /usr/bin/cmake /home/jetson/code/cv_bridge_ws/src/vision_opencv/cv_bridge -DAMENT_CMAKE_SYMLINK_INSTALL=1 -DCMAKE_INSTALL_PREFIX=/home/jetson/code/cv_bridge_ws/install/cv_bridge
[23.758s] Invoking command in '/home/jetson/code/cv_bridge_ws/build/cv_bridge': CMAKE_PREFIX_PATH=/opt/ros/foxy /usr/bin/cmake --build /home/jetson/code/cv_bridge_ws/build/cv_bridge -- -j4 -l4
[23.968s] [35m[1mScanning dependencies of target cv_bridge[0m
[23.984s] [35m[1mScanning dependencies of target gtest_main[0m
[24.023s] [35m[1mScanning dependencies of target gtest[0m
[24.062s] [  6%] [32mBuilding CXX object gtest/CMakeFiles/gtest_main.dir/src/gtest_main.cc.o[0m
[24.159s] [ 12%] [32mBuilding CXX object gtest/CMakeFiles/gtest.dir/src/gtest-all.cc.o[0m
[24.422s] [ 18%] [32mBuilding CXX object src/CMakeFiles/cv_bridge.dir/cv_bridge.cpp.o[0m
[24.423s] [ 25%] [32mBuilding CXX object src/CMakeFiles/cv_bridge.dir/rgb_colors.cpp.o[0m
[29.000s] [ 31%] [32m[1mLinking CXX static library libgtest_main.a[0m
[29.394s] [ 31%] Built target gtest_main
[42.234s] [ 37%] [32m[1mLinking CXX static library libgtest.a[0m
[42.513s] [ 37%] Built target gtest
[46.321s] [ 43%] [32m[1mLinking CXX shared library libcv_bridge.so[0m
[46.974s] [ 43%] Built target cv_bridge
[47.019s] [35m[1mScanning dependencies of target cv_bridge-utest[0m
[47.030s] [35m[1mScanning dependencies of target cv_bridge_boost[0m
[47.292s] [ 50%] [32mBuilding CXX object src/CMakeFiles/cv_bridge_boost.dir/module_opencv3.cpp.o[0m
[47.292s] [ 56%] [32mBuilding CXX object src/CMakeFiles/cv_bridge_boost.dir/module.cpp.o[0m
[47.367s] [ 62%] [32mBuilding CXX object test/CMakeFiles/cv_bridge-utest.dir/test_compression.cpp.o[0m
[47.372s] [ 68%] [32mBuilding CXX object test/CMakeFiles/cv_bridge-utest.dir/test_endian.cpp.o[0m
[53.449s] [ 75%] [32mBuilding CXX object test/CMakeFiles/cv_bridge-utest.dir/utest.cpp.o[0m
[53.739s] [ 81%] [32mBuilding CXX object test/CMakeFiles/cv_bridge-utest.dir/utest2.cpp.o[0m
[60.391s] [ 87%] [32mBuilding CXX object test/CMakeFiles/cv_bridge-utest.dir/test_rgb_colors.cpp.o[0m
[63.193s] [ 93%] [32m[1mLinking CXX shared library boost/cv_bridge_boost.so[0m
[63.746s] [ 93%] Built target cv_bridge_boost
[69.344s] [100%] [32m[1mLinking CXX executable cv_bridge-utest[0m
[70.327s] [100%] Built target cv_bridge-utest
[70.373s] Invoked command in '/home/jetson/code/cv_bridge_ws/build/cv_bridge' returned '0': CMAKE_PREFIX_PATH=/opt/ros/foxy /usr/bin/cmake --build /home/jetson/code/cv_bridge_ws/build/cv_bridge -- -j4 -l4
[70.382s] Invoking command in '/home/jetson/code/cv_bridge_ws/build/cv_bridge': CMAKE_PREFIX_PATH=/opt/ros/foxy /usr/bin/cmake --install /home/jetson/code/cv_bridge_ws/build/cv_bridge
[70.414s] -- Install configuration: ""
[70.417s] -- Execute custom install script
[70.418s] -- Symlinking: /home/jetson/code/cv_bridge_ws/install/cv_bridge/share/cv_bridge/environment/pythonpath.sh
[70.451s] -- Symlinking: /home/jetson/code/cv_bridge_ws/install/cv_bridge/share/cv_bridge/environment/pythonpath.dsv
[70.490s] -- Symlinking: /home/jetson/code/cv_bridge_ws/install/cv_bridge/lib/python3.8/site-packages/cv_bridge/__init__.py
[70.525s] -- Symlinking: /home/jetson/code/cv_bridge_ws/install/cv_bridge/lib/python3.8/site-packages/cv_bridge/core.py
[70.558s] -- Symlinking: /home/jetson/code/cv_bridge_ws/install/cv_bridge/lib/libcv_bridge.so
[70.592s] -- Symlinking: /home/jetson/code/cv_bridge_ws/install/cv_bridge/include/cv_bridge/cv_bridge_export.h
[70.627s] -- Symlinking: /home/jetson/code/cv_bridge_ws/install/cv_bridge/lib/python3.8/site-packages/cv_bridge/boost//cv_bridge_boost.so
[70.662s] -- Symlinking: /home/jetson/code/cv_bridge_ws/install/cv_bridge/share/cv_bridge/environment/library_path.sh
[70.695s] -- Symlinking: /home/jetson/code/cv_bridge_ws/install/cv_bridge/share/cv_bridge/environment/library_path.dsv
[70.729s] -- Symlinking: /home/jetson/code/cv_bridge_ws/install/cv_bridge/include/cv_bridge/cv_bridge.h
[70.763s] -- Symlinking: /home/jetson/code/cv_bridge_ws/install/cv_bridge/include/cv_bridge/rgb_colors.h
[70.797s] -- Up-to-date symlink: /home/jetson/code/cv_bridge_ws/install/cv_bridge/lib/libcv_bridge.so
[70.799s] -- Symlinking: /home/jetson/code/cv_bridge_ws/install/cv_bridge/share/ament_index/resource_index/package_run_dependencies/cv_bridge
[70.832s] -- Symlinking: /home/jetson/code/cv_bridge_ws/install/cv_bridge/share/ament_index/resource_index/parent_prefix_path/cv_bridge
[70.865s] -- Symlinking: /home/jetson/code/cv_bridge_ws/install/cv_bridge/share/cv_bridge/environment/ament_prefix_path.sh
[70.898s] -- Symlinking: /home/jetson/code/cv_bridge_ws/install/cv_bridge/share/cv_bridge/environment/ament_prefix_path.dsv
[70.932s] -- Symlinking: /home/jetson/code/cv_bridge_ws/install/cv_bridge/share/cv_bridge/environment/path.sh
[70.966s] -- Symlinking: /home/jetson/code/cv_bridge_ws/install/cv_bridge/share/cv_bridge/environment/path.dsv
[71.000s] -- Symlinking: /home/jetson/code/cv_bridge_ws/install/cv_bridge/share/cv_bridge/local_setup.bash
[71.033s] -- Symlinking: /home/jetson/code/cv_bridge_ws/install/cv_bridge/share/cv_bridge/local_setup.sh
[71.068s] -- Symlinking: /home/jetson/code/cv_bridge_ws/install/cv_bridge/share/cv_bridge/local_setup.zsh
[71.102s] -- Symlinking: /home/jetson/code/cv_bridge_ws/install/cv_bridge/share/cv_bridge/local_setup.dsv
[71.135s] -- Symlinking: /home/jetson/code/cv_bridge_ws/install/cv_bridge/share/cv_bridge/package.dsv
[71.169s] -- Symlinking: /home/jetson/code/cv_bridge_ws/install/cv_bridge/share/ament_index/resource_index/packages/cv_bridge
[71.203s] -- Symlinking: /home/jetson/code/cv_bridge_ws/install/cv_bridge/share/cv_bridge/cmake/cv_bridge-extras.cmake
[71.236s] -- Symlinking: /home/jetson/code/cv_bridge_ws/install/cv_bridge/share/cv_bridge/cmake/ament_cmake_export_dependencies-extras.cmake
[71.269s] -- Symlinking: /home/jetson/code/cv_bridge_ws/install/cv_bridge/share/cv_bridge/cmake/ament_cmake_export_include_directories-extras.cmake
[71.302s] -- Symlinking: /home/jetson/code/cv_bridge_ws/install/cv_bridge/share/cv_bridge/cmake/ament_cmake_export_libraries-extras.cmake
[71.336s] -- Symlinking: /home/jetson/code/cv_bridge_ws/install/cv_bridge/share/cv_bridge/cmake/cv_bridgeConfig.cmake
[71.370s] -- Symlinking: /home/jetson/code/cv_bridge_ws/install/cv_bridge/share/cv_bridge/cmake/cv_bridgeConfig-version.cmake
[71.404s] -- Symlinking: /home/jetson/code/cv_bridge_ws/install/cv_bridge/share/cv_bridge/package.xml
[71.570s] Listing '/home/jetson/code/cv_bridge_ws/install/cv_bridge/lib/python3.8/site-packages/cv_bridge'...
[71.570s] Compiling '/home/jetson/code/cv_bridge_ws/install/cv_bridge/lib/python3.8/site-packages/cv_bridge/__init__.py'...
[71.571s] Listing '/home/jetson/code/cv_bridge_ws/install/cv_bridge/lib/python3.8/site-packages/cv_bridge/boost'...
[71.571s] Compiling '/home/jetson/code/cv_bridge_ws/install/cv_bridge/lib/python3.8/site-packages/cv_bridge/core.py'...
[71.598s] Invoked command in '/home/jetson/code/cv_bridge_ws/build/cv_bridge' returned '0': CMAKE_PREFIX_PATH=/opt/ros/foxy /usr/bin/cmake --install /home/jetson/code/cv_bridge_ws/build/cv_bridge
