[0.077s] Invoking command in '/home/jetson/code/cv_bridge_ws/build/image_geometry': CMAKE_PREFIX_PATH=/opt/ros/foxy /usr/bin/cmake /home/jetson/code/cv_bridge_ws/src/vision_opencv/image_geometry -DAMENT_CMAKE_SYMLINK_INSTALL=1 -DCMAKE_INSTALL_PREFIX=/home/jetson/code/cv_bridge_ws/install/image_geometry
[0.718s] -- The C compiler identification is GNU 8.4.0
[1.192s] -- The CXX compiler identification is GNU 8.4.0
[1.221s] -- Check for working C compiler: /usr/bin/cc
[1.507s] -- Check for working C compiler: /usr/bin/cc -- works
[1.514s] -- Detecting C compiler ABI info
[1.791s] -- Detecting C compiler ABI info - done
[1.848s] -- Detecting C compile features
[1.850s] -- Detecting C compile features - done
[1.863s] -- Check for working CXX compiler: /usr/bin/c++
[2.208s] -- Check for working CXX compiler: /usr/bin/c++ -- works
[2.214s] -- Detecting CXX compiler ABI info
[2.562s] -- Detecting CXX compiler ABI info - done
[2.615s] -- Detecting CXX compile features
[2.618s] -- Detecting CXX compile features - done
[2.634s] -- Found ament_cmake_python: 0.9.12 (/opt/ros/foxy/share/ament_cmake_python/cmake)
[2.645s] -- Found ament_cmake_ros: 0.9.2 (/opt/ros/foxy/share/ament_cmake_ros/cmake)
[2.823s] -- Found PythonInterp: /usr/bin/python3 (found suitable version "3.8.10", minimum required is "3") 
[2.825s] -- Using PYTHON_EXECUTABLE: /usr/bin/python3
[3.914s] -- Override CMake install command with custom implementation using symlinks instead of copying resources
[4.268s] -- Looking for pthread.h
[4.560s] -- Looking for pthread.h - found
[4.561s] -- Performing Test CMAKE_HAVE_LIBC_PTHREAD
[4.851s] -- Performing Test CMAKE_HAVE_LIBC_PTHREAD - Failed
[4.851s] -- Looking for pthread_create in pthreads
[5.074s] -- Looking for pthread_create in pthreads - not found
[5.075s] -- Looking for pthread_create in pthread
[5.358s] -- Looking for pthread_create in pthread - found
[5.362s] -- Found Threads: TRUE  
[5.444s] -- Found CUDA: /usr/local/cuda (found suitable exact version "10.2") 
[5.507s] -- Found OpenCV: /usr (found version "4.8.0") found components: calib3d core highgui imgproc 
[5.517s] -- Found sensor_msgs: 2.0.5 (/opt/ros/foxy/share/sensor_msgs/cmake)
[5.634s] -- Using all available rosidl_typesupport_c: rosidl_typesupport_fastrtps_c;rosidl_typesupport_introspection_c
[5.674s] -- Found rosidl_adapter: 1.3.1 (/opt/ros/foxy/share/rosidl_adapter/cmake)
[6.058s] -- Found OpenSSL: /usr/lib/aarch64-linux-gnu/libcrypto.so (found version "1.1.1f")  
[6.174s] -- Found FastRTPS: /opt/ros/foxy/include  
[6.569s] -- Using all available rosidl_typesupport_cpp: rosidl_typesupport_fastrtps_cpp;rosidl_typesupport_introspection_cpp
[7.444s] -- Found gtest sources under '/opt/ros/foxy/src/gtest_vendor': C++ tests using 'Google Test' will be built
[7.453s] -- Check if compiler accepts -pthread
[7.738s] -- Check if compiler accepts -pthread - yes
[8.115s] -- Configuring done
[8.189s] -- Generating done
[8.221s] -- Build files have been written to: /home/jetson/code/cv_bridge_ws/build/image_geometry
[8.263s] Invoked command in '/home/jetson/code/cv_bridge_ws/build/image_geometry' returned '0': CMAKE_PREFIX_PATH=/opt/ros/foxy /usr/bin/cmake /home/jetson/code/cv_bridge_ws/src/vision_opencv/image_geometry -DAMENT_CMAKE_SYMLINK_INSTALL=1 -DCMAKE_INSTALL_PREFIX=/home/jetson/code/cv_bridge_ws/install/image_geometry
[8.270s] Invoking command in '/home/jetson/code/cv_bridge_ws/build/image_geometry': CMAKE_PREFIX_PATH=/opt/ros/foxy /usr/bin/cmake --build /home/jetson/code/cv_bridge_ws/build/image_geometry -- -j4 -l4
[8.443s] [35m[1mScanning dependencies of target gtest[0m
[8.445s] [35m[1mScanning dependencies of target image_geometry[0m
[8.447s] [35m[1mScanning dependencies of target gtest_main[0m
[8.579s] [ 18%] [32mBuilding CXX object gtest/CMakeFiles/gtest.dir/src/gtest-all.cc.o[0m
[8.580s] [ 18%] [32mBuilding CXX object gtest/CMakeFiles/gtest_main.dir/src/gtest_main.cc.o[0m
[8.723s] [ 27%] [32mBuilding CXX object CMakeFiles/image_geometry.dir/src/pinhole_camera_model.cpp.o[0m
[8.727s] [ 36%] [32mBuilding CXX object CMakeFiles/image_geometry.dir/src/stereo_camera_model.cpp.o[0m
[12.744s] [ 45%] [32m[1mLinking CXX static library libgtest_main.a[0m
[13.117s] [ 45%] Built target gtest_main
[16.040s] [ 54%] [32m[1mLinking CXX shared library libimage_geometry.so[0m
[16.571s] [ 54%] Built target image_geometry
[23.394s] [ 63%] [32m[1mLinking CXX static library libgtest.a[0m
[23.696s] [ 63%] Built target gtest
[23.762s] [35m[1mScanning dependencies of target image_geometry-utest[0m
[23.768s] [35m[1mScanning dependencies of target image_geometry-utest-equi[0m
[23.992s] [ 72%] [32mBuilding CXX object test/CMakeFiles/image_geometry-utest.dir/utest.cpp.o[0m
[24.005s] [ 81%] [32mBuilding CXX object test/CMakeFiles/image_geometry-utest-equi.dir/utest_equi.cpp.o[0m
[36.467s] [ 90%] [32m[1mLinking CXX executable image_geometry-utest[0m
[36.567s] [100%] [32m[1mLinking CXX executable image_geometry-utest-equi[0m
[38.341s] [100%] Built target image_geometry-utest-equi
[38.354s] [100%] Built target image_geometry-utest
[38.414s] Invoked command in '/home/jetson/code/cv_bridge_ws/build/image_geometry' returned '0': CMAKE_PREFIX_PATH=/opt/ros/foxy /usr/bin/cmake --build /home/jetson/code/cv_bridge_ws/build/image_geometry -- -j4 -l4
[38.466s] Invoking command in '/home/jetson/code/cv_bridge_ws/build/image_geometry': CMAKE_PREFIX_PATH=/opt/ros/foxy /usr/bin/cmake --install /home/jetson/code/cv_bridge_ws/build/image_geometry
[38.515s] -- Install configuration: ""
[38.518s] -- Execute custom install script
[38.523s] -- Symlinking: /home/jetson/code/cv_bridge_ws/install/image_geometry/share/image_geometry/environment/pythonpath.sh
[38.573s] -- Symlinking: /home/jetson/code/cv_bridge_ws/install/image_geometry/share/image_geometry/environment/pythonpath.dsv
[38.631s] -- Symlinking: /home/jetson/code/cv_bridge_ws/install/image_geometry/lib/python3.8/site-packages/image_geometry/__init__.py
[38.672s] -- Symlinking: /home/jetson/code/cv_bridge_ws/install/image_geometry/lib/python3.8/site-packages/image_geometry/cameramodels.py
[38.715s] -- Symlinking: /home/jetson/code/cv_bridge_ws/install/image_geometry/include/image_geometry/pinhole_camera_model.h
[38.752s] -- Symlinking: /home/jetson/code/cv_bridge_ws/install/image_geometry/include/image_geometry/stereo_camera_model.h
[38.790s] -- Symlinking: /home/jetson/code/cv_bridge_ws/install/image_geometry/include/image_geometry/visibility_control.hpp
[38.828s] -- Symlinking: /home/jetson/code/cv_bridge_ws/install/image_geometry/lib/libimage_geometry.so
[38.873s] -- Symlinking: /home/jetson/code/cv_bridge_ws/install/image_geometry/share/image_geometry/environment/library_path.sh
[38.911s] -- Symlinking: /home/jetson/code/cv_bridge_ws/install/image_geometry/share/image_geometry/environment/library_path.dsv
[38.953s] -- Symlinking: /home/jetson/code/cv_bridge_ws/install/image_geometry/share/ament_index/resource_index/package_run_dependencies/image_geometry
[38.992s] -- Symlinking: /home/jetson/code/cv_bridge_ws/install/image_geometry/share/ament_index/resource_index/parent_prefix_path/image_geometry
[39.035s] -- Symlinking: /home/jetson/code/cv_bridge_ws/install/image_geometry/share/image_geometry/environment/ament_prefix_path.sh
[39.075s] -- Symlinking: /home/jetson/code/cv_bridge_ws/install/image_geometry/share/image_geometry/environment/ament_prefix_path.dsv
[39.113s] -- Symlinking: /home/jetson/code/cv_bridge_ws/install/image_geometry/share/image_geometry/environment/path.sh
[39.151s] -- Symlinking: /home/jetson/code/cv_bridge_ws/install/image_geometry/share/image_geometry/environment/path.dsv
[39.190s] -- Symlinking: /home/jetson/code/cv_bridge_ws/install/image_geometry/share/image_geometry/local_setup.bash
[39.230s] -- Symlinking: /home/jetson/code/cv_bridge_ws/install/image_geometry/share/image_geometry/local_setup.sh
[39.275s] -- Symlinking: /home/jetson/code/cv_bridge_ws/install/image_geometry/share/image_geometry/local_setup.zsh
[39.311s] -- Symlinking: /home/jetson/code/cv_bridge_ws/install/image_geometry/share/image_geometry/local_setup.dsv
[39.354s] -- Symlinking: /home/jetson/code/cv_bridge_ws/install/image_geometry/share/image_geometry/package.dsv
[39.392s] -- Symlinking: /home/jetson/code/cv_bridge_ws/install/image_geometry/share/ament_index/resource_index/packages/image_geometry
[39.431s] -- Symlinking: /home/jetson/code/cv_bridge_ws/install/image_geometry/share/image_geometry/cmake/ament_cmake_export_libraries-extras.cmake
[39.469s] -- Symlinking: /home/jetson/code/cv_bridge_ws/install/image_geometry/share/image_geometry/cmake/ament_cmake_export_dependencies-extras.cmake
[39.512s] -- Symlinking: /home/jetson/code/cv_bridge_ws/install/image_geometry/share/image_geometry/cmake/ament_cmake_export_include_directories-extras.cmake
[39.550s] -- Symlinking: /home/jetson/code/cv_bridge_ws/install/image_geometry/share/image_geometry/cmake/image_geometryConfig.cmake
[39.595s] -- Symlinking: /home/jetson/code/cv_bridge_ws/install/image_geometry/share/image_geometry/cmake/image_geometryConfig-version.cmake
[39.636s] -- Symlinking: /home/jetson/code/cv_bridge_ws/install/image_geometry/share/image_geometry/package.xml
[40.051s] Listing '/home/jetson/code/cv_bridge_ws/install/image_geometry/lib/python3.8/site-packages/image_geometry'...
[40.052s] Compiling '/home/jetson/code/cv_bridge_ws/install/image_geometry/lib/python3.8/site-packages/image_geometry/__init__.py'...
[40.053s] Compiling '/home/jetson/code/cv_bridge_ws/install/image_geometry/lib/python3.8/site-packages/image_geometry/cameramodels.py'...
[40.085s] Invoked command in '/home/jetson/code/cv_bridge_ws/build/image_geometry' returned '0': CMAKE_PREFIX_PATH=/opt/ros/foxy /usr/bin/cmake --install /home/jetson/code/cv_bridge_ws/build/image_geometry
