[1.303s] DEBUG:colcon:Command line arguments: ['/usr/bin/colcon', 'build', '--symlink-install']
[1.303s] DEBUG:colcon:Parsed command line arguments: Namespace(allow_overriding=[], ament_cmake_args=None, base_paths=['.'], build_base='build', catkin_cmake_args=None, catkin_skip_building_tests=False, cmake_args=None, cmake_clean_cache=False, cmake_clean_first=False, cmake_force_configure=False, cmake_target=None, cmake_target_skip_unavailable=False, continue_on_error=False, event_handlers=None, executor='parallel', ignore_user_meta=False, install_base='install', log_base=None, log_level=None, main=<bound method BuildVerb.main of <colcon_core.verb.build.BuildVerb object at 0x7f83f7fc10>>, merge_install=False, metas=['./colcon.meta'], packages_above=None, packages_above_and_dependencies=None, packages_above_depth=None, packages_end=None, packages_ignore=None, packages_ignore_regex=None, packages_select=None, packages_select_build_failed=False, packages_select_by_dep=None, packages_select_regex=None, packages_select_test_failures=False, packages_skip=None, packages_skip_build_finished=False, packages_skip_by_dep=None, packages_skip_regex=None, packages_skip_test_passed=False, packages_skip_up_to=None, packages_start=None, packages_up_to=None, packages_up_to_regex=None, parallel_workers=4, paths=None, symlink_install=True, test_result_base=None, verb_extension=<colcon_core.verb.build.BuildVerb object at 0x7f83f7fc10>, verb_name='build', verb_parser=<colcon_defaults.argument_parser.defaults.DefaultArgumentsDecorator object at 0x7f83ec9700>)
[2.444s] Level 1:colcon.colcon_core.package_discovery:discover_packages(colcon_meta) check parameters
[2.445s] Level 1:colcon.colcon_core.package_discovery:discover_packages(recursive) check parameters
[2.445s] Level 1:colcon.colcon_core.package_discovery:discover_packages(ignore) check parameters
[2.445s] Level 1:colcon.colcon_core.package_discovery:discover_packages(path) check parameters
[2.445s] Level 1:colcon.colcon_core.package_discovery:discover_packages(colcon_meta) discover
[2.445s] Level 1:colcon.colcon_core.package_discovery:discover_packages(recursive) discover
[2.446s] INFO:colcon.colcon_core.package_discovery:Crawling recursively for packages in '/home/jetson/code/cv_bridge_ws'
[2.446s] Level 1:colcon.colcon_core.package_identification:_identify(.) by extensions ['ignore', 'ignore_ament_install']
[2.446s] Level 1:colcon.colcon_core.package_identification:_identify(.) by extension 'ignore'
[2.447s] Level 1:colcon.colcon_core.package_identification:_identify(.) by extension 'ignore_ament_install'
[2.447s] Level 1:colcon.colcon_core.package_identification:_identify(.) by extensions ['colcon_pkg']
[2.447s] Level 1:colcon.colcon_core.package_identification:_identify(.) by extension 'colcon_pkg'
[2.447s] Level 1:colcon.colcon_core.package_identification:_identify(.) by extensions ['colcon_meta']
[2.447s] Level 1:colcon.colcon_core.package_identification:_identify(.) by extension 'colcon_meta'
[2.448s] Level 1:colcon.colcon_core.package_identification:_identify(.) by extensions ['ros']
[2.448s] Level 1:colcon.colcon_core.package_identification:_identify(.) by extension 'ros'
[2.546s] Level 1:colcon.colcon_core.package_identification:_identify(.) by extensions ['cmake', 'python']
[2.546s] Level 1:colcon.colcon_core.package_identification:_identify(.) by extension 'cmake'
[2.546s] Level 1:colcon.colcon_core.package_identification:_identify(.) by extension 'python'
[2.547s] Level 1:colcon.colcon_core.package_identification:_identify(.) by extensions ['python_setup_py']
[2.547s] Level 1:colcon.colcon_core.package_identification:_identify(.) by extension 'python_setup_py'
[2.548s] Level 1:colcon.colcon_core.package_identification:_identify(build) by extensions ['ignore', 'ignore_ament_install']
[2.548s] Level 1:colcon.colcon_core.package_identification:_identify(build) by extension 'ignore'
[2.548s] Level 1:colcon.colcon_core.package_identification:_identify(build) ignored
[2.549s] Level 1:colcon.colcon_core.package_identification:_identify(install) by extensions ['ignore', 'ignore_ament_install']
[2.549s] Level 1:colcon.colcon_core.package_identification:_identify(install) by extension 'ignore'
[2.549s] Level 1:colcon.colcon_core.package_identification:_identify(install) ignored
[2.550s] Level 1:colcon.colcon_core.package_identification:_identify(log) by extensions ['ignore', 'ignore_ament_install']
[2.550s] Level 1:colcon.colcon_core.package_identification:_identify(log) by extension 'ignore'
[2.550s] Level 1:colcon.colcon_core.package_identification:_identify(log) ignored
[2.551s] Level 1:colcon.colcon_core.package_identification:_identify(src) by extensions ['ignore', 'ignore_ament_install']
[2.551s] Level 1:colcon.colcon_core.package_identification:_identify(src) by extension 'ignore'
[2.551s] Level 1:colcon.colcon_core.package_identification:_identify(src) by extension 'ignore_ament_install'
[2.551s] Level 1:colcon.colcon_core.package_identification:_identify(src) by extensions ['colcon_pkg']
[2.551s] Level 1:colcon.colcon_core.package_identification:_identify(src) by extension 'colcon_pkg'
[2.552s] Level 1:colcon.colcon_core.package_identification:_identify(src) by extensions ['colcon_meta']
[2.552s] Level 1:colcon.colcon_core.package_identification:_identify(src) by extension 'colcon_meta'
[2.552s] Level 1:colcon.colcon_core.package_identification:_identify(src) by extensions ['ros']
[2.552s] Level 1:colcon.colcon_core.package_identification:_identify(src) by extension 'ros'
[2.552s] Level 1:colcon.colcon_core.package_identification:_identify(src) by extensions ['cmake', 'python']
[2.553s] Level 1:colcon.colcon_core.package_identification:_identify(src) by extension 'cmake'
[2.553s] Level 1:colcon.colcon_core.package_identification:_identify(src) by extension 'python'
[2.553s] Level 1:colcon.colcon_core.package_identification:_identify(src) by extensions ['python_setup_py']
[2.553s] Level 1:colcon.colcon_core.package_identification:_identify(src) by extension 'python_setup_py'
[2.554s] Level 1:colcon.colcon_core.package_identification:_identify(src/vision_opencv) by extensions ['ignore', 'ignore_ament_install']
[2.554s] Level 1:colcon.colcon_core.package_identification:_identify(src/vision_opencv) by extension 'ignore'
[2.554s] Level 1:colcon.colcon_core.package_identification:_identify(src/vision_opencv) by extension 'ignore_ament_install'
[2.554s] Level 1:colcon.colcon_core.package_identification:_identify(src/vision_opencv) by extensions ['colcon_pkg']
[2.555s] Level 1:colcon.colcon_core.package_identification:_identify(src/vision_opencv) by extension 'colcon_pkg'
[2.555s] Level 1:colcon.colcon_core.package_identification:_identify(src/vision_opencv) by extensions ['colcon_meta']
[2.555s] Level 1:colcon.colcon_core.package_identification:_identify(src/vision_opencv) by extension 'colcon_meta'
[2.555s] Level 1:colcon.colcon_core.package_identification:_identify(src/vision_opencv) by extensions ['ros']
[2.555s] Level 1:colcon.colcon_core.package_identification:_identify(src/vision_opencv) by extension 'ros'
[2.556s] Level 1:colcon.colcon_core.package_identification:_identify(src/vision_opencv) by extensions ['cmake', 'python']
[2.556s] Level 1:colcon.colcon_core.package_identification:_identify(src/vision_opencv) by extension 'cmake'
[2.556s] Level 1:colcon.colcon_core.package_identification:_identify(src/vision_opencv) by extension 'python'
[2.556s] Level 1:colcon.colcon_core.package_identification:_identify(src/vision_opencv) by extensions ['python_setup_py']
[2.556s] Level 1:colcon.colcon_core.package_identification:_identify(src/vision_opencv) by extension 'python_setup_py'
[2.557s] Level 1:colcon.colcon_core.package_identification:_identify(src/vision_opencv/cv_bridge) by extensions ['ignore', 'ignore_ament_install']
[2.557s] Level 1:colcon.colcon_core.package_identification:_identify(src/vision_opencv/cv_bridge) by extension 'ignore'
[2.557s] Level 1:colcon.colcon_core.package_identification:_identify(src/vision_opencv/cv_bridge) by extension 'ignore_ament_install'
[2.557s] Level 1:colcon.colcon_core.package_identification:_identify(src/vision_opencv/cv_bridge) by extensions ['colcon_pkg']
[2.558s] Level 1:colcon.colcon_core.package_identification:_identify(src/vision_opencv/cv_bridge) by extension 'colcon_pkg'
[2.558s] Level 1:colcon.colcon_core.package_identification:_identify(src/vision_opencv/cv_bridge) by extensions ['colcon_meta']
[2.558s] Level 1:colcon.colcon_core.package_identification:_identify(src/vision_opencv/cv_bridge) by extension 'colcon_meta'
[2.558s] Level 1:colcon.colcon_core.package_identification:_identify(src/vision_opencv/cv_bridge) by extensions ['ros']
[2.558s] Level 1:colcon.colcon_core.package_identification:_identify(src/vision_opencv/cv_bridge) by extension 'ros'
[2.574s] DEBUG:colcon.colcon_core.package_identification:Package 'src/vision_opencv/cv_bridge' with type 'ros.ament_cmake' and name 'cv_bridge'
[2.575s] Level 1:colcon.colcon_core.package_identification:_identify(src/vision_opencv/image_geometry) by extensions ['ignore', 'ignore_ament_install']
[2.575s] Level 1:colcon.colcon_core.package_identification:_identify(src/vision_opencv/image_geometry) by extension 'ignore'
[2.576s] Level 1:colcon.colcon_core.package_identification:_identify(src/vision_opencv/image_geometry) by extension 'ignore_ament_install'
[2.576s] Level 1:colcon.colcon_core.package_identification:_identify(src/vision_opencv/image_geometry) by extensions ['colcon_pkg']
[2.576s] Level 1:colcon.colcon_core.package_identification:_identify(src/vision_opencv/image_geometry) by extension 'colcon_pkg'
[2.576s] Level 1:colcon.colcon_core.package_identification:_identify(src/vision_opencv/image_geometry) by extensions ['colcon_meta']
[2.576s] Level 1:colcon.colcon_core.package_identification:_identify(src/vision_opencv/image_geometry) by extension 'colcon_meta'
[2.577s] Level 1:colcon.colcon_core.package_identification:_identify(src/vision_opencv/image_geometry) by extensions ['ros']
[2.577s] Level 1:colcon.colcon_core.package_identification:_identify(src/vision_opencv/image_geometry) by extension 'ros'
[2.580s] DEBUG:colcon.colcon_core.package_identification:Package 'src/vision_opencv/image_geometry' with type 'ros.ament_cmake' and name 'image_geometry'
[2.580s] Level 1:colcon.colcon_core.package_identification:_identify(src/vision_opencv/opencv_tests) by extensions ['ignore', 'ignore_ament_install']
[2.581s] Level 1:colcon.colcon_core.package_identification:_identify(src/vision_opencv/opencv_tests) by extension 'ignore'
[2.581s] Level 1:colcon.colcon_core.package_identification:_identify(src/vision_opencv/opencv_tests) by extension 'ignore_ament_install'
[2.581s] Level 1:colcon.colcon_core.package_identification:_identify(src/vision_opencv/opencv_tests) by extensions ['colcon_pkg']
[2.581s] Level 1:colcon.colcon_core.package_identification:_identify(src/vision_opencv/opencv_tests) by extension 'colcon_pkg'
[2.582s] Level 1:colcon.colcon_core.package_identification:_identify(src/vision_opencv/opencv_tests) by extensions ['colcon_meta']
[2.582s] Level 1:colcon.colcon_core.package_identification:_identify(src/vision_opencv/opencv_tests) by extension 'colcon_meta'
[2.582s] Level 1:colcon.colcon_core.package_identification:_identify(src/vision_opencv/opencv_tests) by extensions ['ros']
[2.582s] Level 1:colcon.colcon_core.package_identification:_identify(src/vision_opencv/opencv_tests) by extension 'ros'
[2.585s] DEBUG:colcon.colcon_core.package_identification:Package 'src/vision_opencv/opencv_tests' with type 'ros.ament_python' and name 'opencv_tests'
[2.585s] Level 1:colcon.colcon_core.package_identification:_identify(src/vision_opencv/vision_opencv) by extensions ['ignore', 'ignore_ament_install']
[2.586s] Level 1:colcon.colcon_core.package_identification:_identify(src/vision_opencv/vision_opencv) by extension 'ignore'
[2.586s] Level 1:colcon.colcon_core.package_identification:_identify(src/vision_opencv/vision_opencv) by extension 'ignore_ament_install'
[2.586s] Level 1:colcon.colcon_core.package_identification:_identify(src/vision_opencv/vision_opencv) by extensions ['colcon_pkg']
[2.586s] Level 1:colcon.colcon_core.package_identification:_identify(src/vision_opencv/vision_opencv) by extension 'colcon_pkg'
[2.587s] Level 1:colcon.colcon_core.package_identification:_identify(src/vision_opencv/vision_opencv) by extensions ['colcon_meta']
[2.587s] Level 1:colcon.colcon_core.package_identification:_identify(src/vision_opencv/vision_opencv) by extension 'colcon_meta'
[2.587s] Level 1:colcon.colcon_core.package_identification:_identify(src/vision_opencv/vision_opencv) by extensions ['ros']
[2.587s] Level 1:colcon.colcon_core.package_identification:_identify(src/vision_opencv/vision_opencv) by extension 'ros'
[2.590s] DEBUG:colcon.colcon_core.package_identification:Package 'src/vision_opencv/vision_opencv' with type 'ros.ament_cmake' and name 'vision_opencv'
[2.590s] Level 1:colcon.colcon_core.package_discovery:discover_packages(recursive) using defaults
[2.590s] Level 1:colcon.colcon_core.package_discovery:discover_packages(ignore) discover
[2.590s] Level 1:colcon.colcon_core.package_discovery:discover_packages(ignore) using defaults
[2.590s] Level 1:colcon.colcon_core.package_discovery:discover_packages(path) discover
[2.591s] Level 1:colcon.colcon_core.package_discovery:discover_packages(path) using defaults
[2.710s] Level 1:colcon.colcon_core.package_discovery:discover_packages(prefix_path) check parameters
[2.711s] Level 1:colcon.colcon_core.package_discovery:discover_packages(prefix_path) discover
[2.727s] DEBUG:colcon.colcon_installed_package_information.package_discovery:Found 288 installed packages in /opt/ros/foxy
[2.739s] Level 1:colcon.colcon_core.package_discovery:discover_packages(prefix_path) using defaults
[3.208s] WARNING:colcon.colcon_core.package_selection:Some selected packages are already built in one or more underlay workspaces:
	'cv_bridge' is in: /opt/ros/foxy
	'image_geometry' is in: /opt/ros/foxy
If a package in a merged underlay workspace is overridden and it installs headers, then all packages in the overlay must sort their include directories by workspace order. Failure to do so may result in build failures or undefined behavior at run time.
If the overridden package is used by another package in any underlay, then the overriding package in the overlay must be API and ABI compatible or undefined behavior at run time may occur.

If you understand the risks and want to override a package anyways, add the following to the command line:
	--allow-overriding cv_bridge image_geometry

This may be promoted to an error in a future release of colcon-override-check.
[3.213s] Level 5:colcon.colcon_core.verb:set package 'cv_bridge' build argument 'cmake_args' from command line to 'None'
[3.213s] Level 5:colcon.colcon_core.verb:set package 'cv_bridge' build argument 'cmake_target' from command line to 'None'
[3.213s] Level 5:colcon.colcon_core.verb:set package 'cv_bridge' build argument 'cmake_target_skip_unavailable' from command line to 'False'
[3.213s] Level 5:colcon.colcon_core.verb:set package 'cv_bridge' build argument 'cmake_clean_cache' from command line to 'False'
[3.213s] Level 5:colcon.colcon_core.verb:set package 'cv_bridge' build argument 'cmake_clean_first' from command line to 'False'
[3.213s] Level 5:colcon.colcon_core.verb:set package 'cv_bridge' build argument 'cmake_force_configure' from command line to 'False'
[3.213s] Level 5:colcon.colcon_core.verb:set package 'cv_bridge' build argument 'ament_cmake_args' from command line to 'None'
[3.214s] Level 5:colcon.colcon_core.verb:set package 'cv_bridge' build argument 'catkin_cmake_args' from command line to 'None'
[3.214s] Level 5:colcon.colcon_core.verb:set package 'cv_bridge' build argument 'catkin_skip_building_tests' from command line to 'False'
[3.214s] DEBUG:colcon.colcon_core.verb:Building package 'cv_bridge' with the following arguments: {'ament_cmake_args': None, 'build_base': '/home/jetson/code/cv_bridge_ws/build/cv_bridge', 'catkin_cmake_args': None, 'catkin_skip_building_tests': False, 'cmake_args': None, 'cmake_clean_cache': False, 'cmake_clean_first': False, 'cmake_force_configure': False, 'cmake_target': None, 'cmake_target_skip_unavailable': False, 'install_base': '/home/jetson/code/cv_bridge_ws/install/cv_bridge', 'merge_install': False, 'path': '/home/jetson/code/cv_bridge_ws/src/vision_opencv/cv_bridge', 'symlink_install': True, 'test_result_base': None}
[3.216s] Level 5:colcon.colcon_core.verb:set package 'image_geometry' build argument 'cmake_args' from command line to 'None'
[3.216s] Level 5:colcon.colcon_core.verb:set package 'image_geometry' build argument 'cmake_target' from command line to 'None'
[3.216s] Level 5:colcon.colcon_core.verb:set package 'image_geometry' build argument 'cmake_target_skip_unavailable' from command line to 'False'
[3.217s] Level 5:colcon.colcon_core.verb:set package 'image_geometry' build argument 'cmake_clean_cache' from command line to 'False'
[3.217s] Level 5:colcon.colcon_core.verb:set package 'image_geometry' build argument 'cmake_clean_first' from command line to 'False'
[3.217s] Level 5:colcon.colcon_core.verb:set package 'image_geometry' build argument 'cmake_force_configure' from command line to 'False'
[3.217s] Level 5:colcon.colcon_core.verb:set package 'image_geometry' build argument 'ament_cmake_args' from command line to 'None'
[3.217s] Level 5:colcon.colcon_core.verb:set package 'image_geometry' build argument 'catkin_cmake_args' from command line to 'None'
[3.217s] Level 5:colcon.colcon_core.verb:set package 'image_geometry' build argument 'catkin_skip_building_tests' from command line to 'False'
[3.218s] DEBUG:colcon.colcon_core.verb:Building package 'image_geometry' with the following arguments: {'ament_cmake_args': None, 'build_base': '/home/jetson/code/cv_bridge_ws/build/image_geometry', 'catkin_cmake_args': None, 'catkin_skip_building_tests': False, 'cmake_args': None, 'cmake_clean_cache': False, 'cmake_clean_first': False, 'cmake_force_configure': False, 'cmake_target': None, 'cmake_target_skip_unavailable': False, 'install_base': '/home/jetson/code/cv_bridge_ws/install/image_geometry', 'merge_install': False, 'path': '/home/jetson/code/cv_bridge_ws/src/vision_opencv/image_geometry', 'symlink_install': True, 'test_result_base': None}
[3.220s] Level 5:colcon.colcon_core.verb:set package 'opencv_tests' build argument 'cmake_args' from command line to 'None'
[3.220s] Level 5:colcon.colcon_core.verb:set package 'opencv_tests' build argument 'cmake_target' from command line to 'None'
[3.220s] Level 5:colcon.colcon_core.verb:set package 'opencv_tests' build argument 'cmake_target_skip_unavailable' from command line to 'False'
[3.220s] Level 5:colcon.colcon_core.verb:set package 'opencv_tests' build argument 'cmake_clean_cache' from command line to 'False'
[3.220s] Level 5:colcon.colcon_core.verb:set package 'opencv_tests' build argument 'cmake_clean_first' from command line to 'False'
[3.220s] Level 5:colcon.colcon_core.verb:set package 'opencv_tests' build argument 'cmake_force_configure' from command line to 'False'
[3.220s] Level 5:colcon.colcon_core.verb:set package 'opencv_tests' build argument 'ament_cmake_args' from command line to 'None'
[3.221s] Level 5:colcon.colcon_core.verb:set package 'opencv_tests' build argument 'catkin_cmake_args' from command line to 'None'
[3.221s] Level 5:colcon.colcon_core.verb:set package 'opencv_tests' build argument 'catkin_skip_building_tests' from command line to 'False'
[3.221s] DEBUG:colcon.colcon_core.verb:Building package 'opencv_tests' with the following arguments: {'ament_cmake_args': None, 'build_base': '/home/jetson/code/cv_bridge_ws/build/opencv_tests', 'catkin_cmake_args': None, 'catkin_skip_building_tests': False, 'cmake_args': None, 'cmake_clean_cache': False, 'cmake_clean_first': False, 'cmake_force_configure': False, 'cmake_target': None, 'cmake_target_skip_unavailable': False, 'install_base': '/home/jetson/code/cv_bridge_ws/install/opencv_tests', 'merge_install': False, 'path': '/home/jetson/code/cv_bridge_ws/src/vision_opencv/opencv_tests', 'symlink_install': True, 'test_result_base': None}
[3.223s] Level 5:colcon.colcon_core.verb:set package 'vision_opencv' build argument 'cmake_args' from command line to 'None'
[3.223s] Level 5:colcon.colcon_core.verb:set package 'vision_opencv' build argument 'cmake_target' from command line to 'None'
[3.223s] Level 5:colcon.colcon_core.verb:set package 'vision_opencv' build argument 'cmake_target_skip_unavailable' from command line to 'False'
[3.223s] Level 5:colcon.colcon_core.verb:set package 'vision_opencv' build argument 'cmake_clean_cache' from command line to 'False'
[3.223s] Level 5:colcon.colcon_core.verb:set package 'vision_opencv' build argument 'cmake_clean_first' from command line to 'False'
[3.223s] Level 5:colcon.colcon_core.verb:set package 'vision_opencv' build argument 'cmake_force_configure' from command line to 'False'
[3.223s] Level 5:colcon.colcon_core.verb:set package 'vision_opencv' build argument 'ament_cmake_args' from command line to 'None'
[3.224s] Level 5:colcon.colcon_core.verb:set package 'vision_opencv' build argument 'catkin_cmake_args' from command line to 'None'
[3.224s] Level 5:colcon.colcon_core.verb:set package 'vision_opencv' build argument 'catkin_skip_building_tests' from command line to 'False'
[3.224s] DEBUG:colcon.colcon_core.verb:Building package 'vision_opencv' with the following arguments: {'ament_cmake_args': None, 'build_base': '/home/jetson/code/cv_bridge_ws/build/vision_opencv', 'catkin_cmake_args': None, 'catkin_skip_building_tests': False, 'cmake_args': None, 'cmake_clean_cache': False, 'cmake_clean_first': False, 'cmake_force_configure': False, 'cmake_target': None, 'cmake_target_skip_unavailable': False, 'install_base': '/home/jetson/code/cv_bridge_ws/install/vision_opencv', 'merge_install': False, 'path': '/home/jetson/code/cv_bridge_ws/src/vision_opencv/vision_opencv', 'symlink_install': True, 'test_result_base': None}
[3.224s] INFO:colcon.colcon_core.executor:Executing jobs using 'parallel' executor
[3.228s] DEBUG:colcon.colcon_parallel_executor.executor.parallel:run_until_complete
[3.229s] INFO:colcon.colcon_ros.task.ament_cmake.build:Building ROS package in '/home/jetson/code/cv_bridge_ws/src/vision_opencv/cv_bridge' with build type 'ament_cmake'
[3.229s] INFO:colcon.colcon_cmake.task.cmake.build:Building CMake package in '/home/jetson/code/cv_bridge_ws/src/vision_opencv/cv_bridge'
[3.243s] INFO:colcon.colcon_core.plugin_system:Skipping extension 'colcon_core.shell.bat': Not used on non-Windows systems
[3.244s] INFO:colcon.colcon_core.shell:Skip shell extension 'powershell' for command environment: Not usable outside of PowerShell
[3.244s] DEBUG:colcon.colcon_core.shell:Skip shell extension 'dsv' for command environment
[3.263s] INFO:colcon.colcon_ros.task.ament_cmake.build:Building ROS package in '/home/jetson/code/cv_bridge_ws/src/vision_opencv/image_geometry' with build type 'ament_cmake'
[3.264s] INFO:colcon.colcon_cmake.task.cmake.build:Building CMake package in '/home/jetson/code/cv_bridge_ws/src/vision_opencv/image_geometry'
[3.266s] INFO:colcon.colcon_core.shell:Skip shell extension 'powershell' for command environment: Not usable outside of PowerShell
[3.267s] DEBUG:colcon.colcon_core.shell:Skip shell extension 'dsv' for command environment
[3.298s] DEBUG:colcon.colcon_core.event_handler.log_command:Invoking command in '/home/jetson/code/cv_bridge_ws/build/cv_bridge': CMAKE_PREFIX_PATH=/opt/ros/foxy /usr/bin/cmake /home/jetson/code/cv_bridge_ws/src/vision_opencv/cv_bridge -DAMENT_CMAKE_SYMLINK_INSTALL=1 -DCMAKE_INSTALL_PREFIX=/home/jetson/code/cv_bridge_ws/install/cv_bridge
[3.344s] DEBUG:colcon.colcon_core.event_handler.log_command:Invoking command in '/home/jetson/code/cv_bridge_ws/build/image_geometry': CMAKE_PREFIX_PATH=/opt/ros/foxy /usr/bin/cmake /home/jetson/code/cv_bridge_ws/src/vision_opencv/image_geometry -DAMENT_CMAKE_SYMLINK_INSTALL=1 -DCMAKE_INSTALL_PREFIX=/home/jetson/code/cv_bridge_ws/install/image_geometry
[11.531s] DEBUG:colcon.colcon_core.event_handler.log_command:Invoked command in '/home/jetson/code/cv_bridge_ws/build/image_geometry' returned '0': CMAKE_PREFIX_PATH=/opt/ros/foxy /usr/bin/cmake /home/jetson/code/cv_bridge_ws/src/vision_opencv/image_geometry -DAMENT_CMAKE_SYMLINK_INSTALL=1 -DCMAKE_INSTALL_PREFIX=/home/jetson/code/cv_bridge_ws/install/image_geometry
[11.537s] DEBUG:colcon.colcon_core.event_handler.log_command:Invoking command in '/home/jetson/code/cv_bridge_ws/build/image_geometry': CMAKE_PREFIX_PATH=/opt/ros/foxy /usr/bin/cmake --build /home/jetson/code/cv_bridge_ws/build/image_geometry -- -j4 -l4
[26.986s] DEBUG:colcon.colcon_core.event_handler.log_command:Invoked command in '/home/jetson/code/cv_bridge_ws/build/cv_bridge' returned '0': CMAKE_PREFIX_PATH=/opt/ros/foxy /usr/bin/cmake /home/jetson/code/cv_bridge_ws/src/vision_opencv/cv_bridge -DAMENT_CMAKE_SYMLINK_INSTALL=1 -DCMAKE_INSTALL_PREFIX=/home/jetson/code/cv_bridge_ws/install/cv_bridge
[26.990s] DEBUG:colcon.colcon_core.event_handler.log_command:Invoking command in '/home/jetson/code/cv_bridge_ws/build/cv_bridge': CMAKE_PREFIX_PATH=/opt/ros/foxy /usr/bin/cmake --build /home/jetson/code/cv_bridge_ws/build/cv_bridge -- -j4 -l4
[41.682s] DEBUG:colcon.colcon_core.event_handler.log_command:Invoked command in '/home/jetson/code/cv_bridge_ws/build/image_geometry' returned '0': CMAKE_PREFIX_PATH=/opt/ros/foxy /usr/bin/cmake --build /home/jetson/code/cv_bridge_ws/build/image_geometry -- -j4 -l4
[41.734s] DEBUG:colcon.colcon_core.event_handler.log_command:Invoking command in '/home/jetson/code/cv_bridge_ws/build/image_geometry': CMAKE_PREFIX_PATH=/opt/ros/foxy /usr/bin/cmake --install /home/jetson/code/cv_bridge_ws/build/image_geometry
[43.350s] Level 1:colcon.colcon_core.environment:create_environment_scripts_only(image_geometry)
[43.352s] DEBUG:colcon.colcon_core.event_handler.log_command:Invoked command in '/home/jetson/code/cv_bridge_ws/build/image_geometry' returned '0': CMAKE_PREFIX_PATH=/opt/ros/foxy /usr/bin/cmake --install /home/jetson/code/cv_bridge_ws/build/image_geometry
[43.386s] Level 1:colcon.colcon_core.environment:checking '/home/jetson/code/cv_bridge_ws/install/image_geometry' for CMake module files
[43.389s] Level 1:colcon.colcon_core.environment:checking '/home/jetson/code/cv_bridge_ws/install/image_geometry' for CMake config files
[43.391s] Level 1:colcon.colcon_core.shell:create_environment_hook('image_geometry', 'cmake_prefix_path')
[43.393s] INFO:colcon.colcon_core.shell:Creating environment hook '/home/jetson/code/cv_bridge_ws/install/image_geometry/share/image_geometry/hook/cmake_prefix_path.ps1'
[43.401s] INFO:colcon.colcon_core.shell:Creating environment descriptor '/home/jetson/code/cv_bridge_ws/install/image_geometry/share/image_geometry/hook/cmake_prefix_path.dsv'
[43.405s] INFO:colcon.colcon_core.shell:Creating environment hook '/home/jetson/code/cv_bridge_ws/install/image_geometry/share/image_geometry/hook/cmake_prefix_path.sh'
[43.415s] Level 1:colcon.colcon_core.environment:checking '/home/jetson/code/cv_bridge_ws/install/image_geometry/lib'
[43.417s] Level 1:colcon.colcon_core.shell:create_environment_hook('image_geometry', 'ld_library_path_lib')
[43.418s] INFO:colcon.colcon_core.shell:Creating environment hook '/home/jetson/code/cv_bridge_ws/install/image_geometry/share/image_geometry/hook/ld_library_path_lib.ps1'
[43.420s] INFO:colcon.colcon_core.shell:Creating environment descriptor '/home/jetson/code/cv_bridge_ws/install/image_geometry/share/image_geometry/hook/ld_library_path_lib.dsv'
[43.422s] INFO:colcon.colcon_core.shell:Creating environment hook '/home/jetson/code/cv_bridge_ws/install/image_geometry/share/image_geometry/hook/ld_library_path_lib.sh'
[43.424s] Level 1:colcon.colcon_core.environment:checking '/home/jetson/code/cv_bridge_ws/install/image_geometry/bin'
[43.425s] Level 1:colcon.colcon_core.environment:checking '/home/jetson/code/cv_bridge_ws/install/image_geometry/lib/pkgconfig/image_geometry.pc'
[43.426s] Level 1:colcon.colcon_core.environment:checking '/home/jetson/code/cv_bridge_ws/install/image_geometry/lib/python3.8/site-packages'
[43.426s] Level 1:colcon.colcon_core.shell:create_environment_hook('image_geometry', 'pythonpath')
[43.427s] INFO:colcon.colcon_core.shell:Creating environment hook '/home/jetson/code/cv_bridge_ws/install/image_geometry/share/image_geometry/hook/pythonpath.ps1'
[43.429s] INFO:colcon.colcon_core.shell:Creating environment descriptor '/home/jetson/code/cv_bridge_ws/install/image_geometry/share/image_geometry/hook/pythonpath.dsv'
[43.431s] INFO:colcon.colcon_core.shell:Creating environment hook '/home/jetson/code/cv_bridge_ws/install/image_geometry/share/image_geometry/hook/pythonpath.sh'
[43.434s] Level 1:colcon.colcon_core.environment:checking '/home/jetson/code/cv_bridge_ws/install/image_geometry/bin'
[43.436s] INFO:colcon.colcon_core.shell:Creating package script '/home/jetson/code/cv_bridge_ws/install/image_geometry/share/image_geometry/package.ps1'
[43.442s] INFO:colcon.colcon_core.shell:Creating package descriptor '/home/jetson/code/cv_bridge_ws/install/image_geometry/share/image_geometry/package.dsv'
[43.446s] INFO:colcon.colcon_core.shell:Creating package script '/home/jetson/code/cv_bridge_ws/install/image_geometry/share/image_geometry/package.sh'
[43.452s] INFO:colcon.colcon_core.shell:Creating package script '/home/jetson/code/cv_bridge_ws/install/image_geometry/share/image_geometry/package.bash'
[43.459s] INFO:colcon.colcon_core.shell:Creating package script '/home/jetson/code/cv_bridge_ws/install/image_geometry/share/image_geometry/package.zsh'
[43.468s] Level 1:colcon.colcon_core.environment:create_file_with_runtime_dependencies(/home/jetson/code/cv_bridge_ws/install/image_geometry/share/colcon-core/packages/image_geometry)
[43.472s] Level 1:colcon.colcon_core.environment:create_environment_scripts_only(image_geometry)
[43.474s] Level 1:colcon.colcon_core.environment:checking '/home/jetson/code/cv_bridge_ws/install/image_geometry' for CMake module files
[43.477s] Level 1:colcon.colcon_core.environment:checking '/home/jetson/code/cv_bridge_ws/install/image_geometry' for CMake config files
[43.480s] Level 1:colcon.colcon_core.shell:create_environment_hook('image_geometry', 'cmake_prefix_path')
[43.481s] INFO:colcon.colcon_core.shell:Creating environment hook '/home/jetson/code/cv_bridge_ws/install/image_geometry/share/image_geometry/hook/cmake_prefix_path.ps1'
[43.485s] INFO:colcon.colcon_core.shell:Creating environment descriptor '/home/jetson/code/cv_bridge_ws/install/image_geometry/share/image_geometry/hook/cmake_prefix_path.dsv'
[43.487s] INFO:colcon.colcon_core.shell:Creating environment hook '/home/jetson/code/cv_bridge_ws/install/image_geometry/share/image_geometry/hook/cmake_prefix_path.sh'
[43.490s] Level 1:colcon.colcon_core.environment:checking '/home/jetson/code/cv_bridge_ws/install/image_geometry/lib'
[43.490s] Level 1:colcon.colcon_core.shell:create_environment_hook('image_geometry', 'ld_library_path_lib')
[43.492s] INFO:colcon.colcon_core.shell:Creating environment hook '/home/jetson/code/cv_bridge_ws/install/image_geometry/share/image_geometry/hook/ld_library_path_lib.ps1'
[43.494s] INFO:colcon.colcon_core.shell:Creating environment descriptor '/home/jetson/code/cv_bridge_ws/install/image_geometry/share/image_geometry/hook/ld_library_path_lib.dsv'
[43.496s] INFO:colcon.colcon_core.shell:Creating environment hook '/home/jetson/code/cv_bridge_ws/install/image_geometry/share/image_geometry/hook/ld_library_path_lib.sh'
[43.498s] Level 1:colcon.colcon_core.environment:checking '/home/jetson/code/cv_bridge_ws/install/image_geometry/bin'
[43.499s] Level 1:colcon.colcon_core.environment:checking '/home/jetson/code/cv_bridge_ws/install/image_geometry/lib/pkgconfig/image_geometry.pc'
[43.500s] Level 1:colcon.colcon_core.environment:checking '/home/jetson/code/cv_bridge_ws/install/image_geometry/lib/python3.8/site-packages'
[43.500s] Level 1:colcon.colcon_core.shell:create_environment_hook('image_geometry', 'pythonpath')
[43.502s] INFO:colcon.colcon_core.shell:Creating environment hook '/home/jetson/code/cv_bridge_ws/install/image_geometry/share/image_geometry/hook/pythonpath.ps1'
[43.504s] INFO:colcon.colcon_core.shell:Creating environment descriptor '/home/jetson/code/cv_bridge_ws/install/image_geometry/share/image_geometry/hook/pythonpath.dsv'
[43.506s] INFO:colcon.colcon_core.shell:Creating environment hook '/home/jetson/code/cv_bridge_ws/install/image_geometry/share/image_geometry/hook/pythonpath.sh'
[43.509s] Level 1:colcon.colcon_core.environment:checking '/home/jetson/code/cv_bridge_ws/install/image_geometry/bin'
[43.511s] INFO:colcon.colcon_core.shell:Creating package script '/home/jetson/code/cv_bridge_ws/install/image_geometry/share/image_geometry/package.ps1'
[43.515s] INFO:colcon.colcon_core.shell:Creating package descriptor '/home/jetson/code/cv_bridge_ws/install/image_geometry/share/image_geometry/package.dsv'
[43.518s] INFO:colcon.colcon_core.shell:Creating package script '/home/jetson/code/cv_bridge_ws/install/image_geometry/share/image_geometry/package.sh'
[43.521s] INFO:colcon.colcon_core.shell:Creating package script '/home/jetson/code/cv_bridge_ws/install/image_geometry/share/image_geometry/package.bash'
[43.524s] INFO:colcon.colcon_core.shell:Creating package script '/home/jetson/code/cv_bridge_ws/install/image_geometry/share/image_geometry/package.zsh'
[43.527s] Level 1:colcon.colcon_core.environment:create_file_with_runtime_dependencies(/home/jetson/code/cv_bridge_ws/install/image_geometry/share/colcon-core/packages/image_geometry)
[73.605s] DEBUG:colcon.colcon_core.event_handler.log_command:Invoked command in '/home/jetson/code/cv_bridge_ws/build/cv_bridge' returned '0': CMAKE_PREFIX_PATH=/opt/ros/foxy /usr/bin/cmake --build /home/jetson/code/cv_bridge_ws/build/cv_bridge -- -j4 -l4
[73.614s] DEBUG:colcon.colcon_core.event_handler.log_command:Invoking command in '/home/jetson/code/cv_bridge_ws/build/cv_bridge': CMAKE_PREFIX_PATH=/opt/ros/foxy /usr/bin/cmake --install /home/jetson/code/cv_bridge_ws/build/cv_bridge
[74.829s] Level 1:colcon.colcon_core.environment:create_environment_scripts_only(cv_bridge)
[74.831s] Level 1:colcon.colcon_core.environment:checking '/home/jetson/code/cv_bridge_ws/install/cv_bridge' for CMake module files
[74.833s] DEBUG:colcon.colcon_core.event_handler.log_command:Invoked command in '/home/jetson/code/cv_bridge_ws/build/cv_bridge' returned '0': CMAKE_PREFIX_PATH=/opt/ros/foxy /usr/bin/cmake --install /home/jetson/code/cv_bridge_ws/build/cv_bridge
[74.835s] Level 1:colcon.colcon_core.environment:checking '/home/jetson/code/cv_bridge_ws/install/cv_bridge' for CMake config files
[74.836s] Level 1:colcon.colcon_core.shell:create_environment_hook('cv_bridge', 'cmake_prefix_path')
[74.838s] INFO:colcon.colcon_core.shell:Creating environment hook '/home/jetson/code/cv_bridge_ws/install/cv_bridge/share/cv_bridge/hook/cmake_prefix_path.ps1'
[74.839s] INFO:colcon.colcon_core.shell:Creating environment descriptor '/home/jetson/code/cv_bridge_ws/install/cv_bridge/share/cv_bridge/hook/cmake_prefix_path.dsv'
[74.841s] INFO:colcon.colcon_core.shell:Creating environment hook '/home/jetson/code/cv_bridge_ws/install/cv_bridge/share/cv_bridge/hook/cmake_prefix_path.sh'
[74.843s] Level 1:colcon.colcon_core.environment:checking '/home/jetson/code/cv_bridge_ws/install/cv_bridge/lib'
[74.843s] Level 1:colcon.colcon_core.shell:create_environment_hook('cv_bridge', 'ld_library_path_lib')
[74.845s] INFO:colcon.colcon_core.shell:Creating environment hook '/home/jetson/code/cv_bridge_ws/install/cv_bridge/share/cv_bridge/hook/ld_library_path_lib.ps1'
[74.846s] INFO:colcon.colcon_core.shell:Creating environment descriptor '/home/jetson/code/cv_bridge_ws/install/cv_bridge/share/cv_bridge/hook/ld_library_path_lib.dsv'
[74.847s] INFO:colcon.colcon_core.shell:Creating environment hook '/home/jetson/code/cv_bridge_ws/install/cv_bridge/share/cv_bridge/hook/ld_library_path_lib.sh'
[74.848s] Level 1:colcon.colcon_core.environment:checking '/home/jetson/code/cv_bridge_ws/install/cv_bridge/bin'
[74.849s] Level 1:colcon.colcon_core.environment:checking '/home/jetson/code/cv_bridge_ws/install/cv_bridge/lib/pkgconfig/cv_bridge.pc'
[74.850s] Level 1:colcon.colcon_core.environment:checking '/home/jetson/code/cv_bridge_ws/install/cv_bridge/lib/python3.8/site-packages'
[74.850s] Level 1:colcon.colcon_core.shell:create_environment_hook('cv_bridge', 'pythonpath')
[74.851s] INFO:colcon.colcon_core.shell:Creating environment hook '/home/jetson/code/cv_bridge_ws/install/cv_bridge/share/cv_bridge/hook/pythonpath.ps1'
[74.852s] INFO:colcon.colcon_core.shell:Creating environment descriptor '/home/jetson/code/cv_bridge_ws/install/cv_bridge/share/cv_bridge/hook/pythonpath.dsv'
[74.854s] INFO:colcon.colcon_core.shell:Creating environment hook '/home/jetson/code/cv_bridge_ws/install/cv_bridge/share/cv_bridge/hook/pythonpath.sh'
[74.855s] Level 1:colcon.colcon_core.environment:checking '/home/jetson/code/cv_bridge_ws/install/cv_bridge/bin'
[74.857s] INFO:colcon.colcon_core.shell:Creating package script '/home/jetson/code/cv_bridge_ws/install/cv_bridge/share/cv_bridge/package.ps1'
[74.859s] INFO:colcon.colcon_core.shell:Creating package descriptor '/home/jetson/code/cv_bridge_ws/install/cv_bridge/share/cv_bridge/package.dsv'
[74.861s] INFO:colcon.colcon_core.shell:Creating package script '/home/jetson/code/cv_bridge_ws/install/cv_bridge/share/cv_bridge/package.sh'
[74.863s] INFO:colcon.colcon_core.shell:Creating package script '/home/jetson/code/cv_bridge_ws/install/cv_bridge/share/cv_bridge/package.bash'
[74.864s] INFO:colcon.colcon_core.shell:Creating package script '/home/jetson/code/cv_bridge_ws/install/cv_bridge/share/cv_bridge/package.zsh'
[74.865s] Level 1:colcon.colcon_core.environment:create_file_with_runtime_dependencies(/home/jetson/code/cv_bridge_ws/install/cv_bridge/share/colcon-core/packages/cv_bridge)
[74.868s] Level 1:colcon.colcon_core.environment:create_environment_scripts_only(cv_bridge)
[74.869s] Level 1:colcon.colcon_core.environment:checking '/home/jetson/code/cv_bridge_ws/install/cv_bridge' for CMake module files
[74.871s] Level 1:colcon.colcon_core.environment:checking '/home/jetson/code/cv_bridge_ws/install/cv_bridge' for CMake config files
[74.873s] Level 1:colcon.colcon_core.shell:create_environment_hook('cv_bridge', 'cmake_prefix_path')
[74.874s] INFO:colcon.colcon_core.shell:Creating environment hook '/home/jetson/code/cv_bridge_ws/install/cv_bridge/share/cv_bridge/hook/cmake_prefix_path.ps1'
[74.876s] INFO:colcon.colcon_core.shell:Creating environment descriptor '/home/jetson/code/cv_bridge_ws/install/cv_bridge/share/cv_bridge/hook/cmake_prefix_path.dsv'
[74.877s] INFO:colcon.colcon_core.shell:Creating environment hook '/home/jetson/code/cv_bridge_ws/install/cv_bridge/share/cv_bridge/hook/cmake_prefix_path.sh'
[74.880s] Level 1:colcon.colcon_core.environment:checking '/home/jetson/code/cv_bridge_ws/install/cv_bridge/lib'
[74.880s] Level 1:colcon.colcon_core.shell:create_environment_hook('cv_bridge', 'ld_library_path_lib')
[74.881s] INFO:colcon.colcon_core.shell:Creating environment hook '/home/jetson/code/cv_bridge_ws/install/cv_bridge/share/cv_bridge/hook/ld_library_path_lib.ps1'
[74.883s] INFO:colcon.colcon_core.shell:Creating environment descriptor '/home/jetson/code/cv_bridge_ws/install/cv_bridge/share/cv_bridge/hook/ld_library_path_lib.dsv'
[74.885s] INFO:colcon.colcon_core.shell:Creating environment hook '/home/jetson/code/cv_bridge_ws/install/cv_bridge/share/cv_bridge/hook/ld_library_path_lib.sh'
[74.886s] Level 1:colcon.colcon_core.environment:checking '/home/jetson/code/cv_bridge_ws/install/cv_bridge/bin'
[74.887s] Level 1:colcon.colcon_core.environment:checking '/home/jetson/code/cv_bridge_ws/install/cv_bridge/lib/pkgconfig/cv_bridge.pc'
[74.888s] Level 1:colcon.colcon_core.environment:checking '/home/jetson/code/cv_bridge_ws/install/cv_bridge/lib/python3.8/site-packages'
[74.888s] Level 1:colcon.colcon_core.shell:create_environment_hook('cv_bridge', 'pythonpath')
[74.889s] INFO:colcon.colcon_core.shell:Creating environment hook '/home/jetson/code/cv_bridge_ws/install/cv_bridge/share/cv_bridge/hook/pythonpath.ps1'
[74.891s] INFO:colcon.colcon_core.shell:Creating environment descriptor '/home/jetson/code/cv_bridge_ws/install/cv_bridge/share/cv_bridge/hook/pythonpath.dsv'
[74.892s] INFO:colcon.colcon_core.shell:Creating environment hook '/home/jetson/code/cv_bridge_ws/install/cv_bridge/share/cv_bridge/hook/pythonpath.sh'
[74.894s] Level 1:colcon.colcon_core.environment:checking '/home/jetson/code/cv_bridge_ws/install/cv_bridge/bin'
[74.896s] INFO:colcon.colcon_core.shell:Creating package script '/home/jetson/code/cv_bridge_ws/install/cv_bridge/share/cv_bridge/package.ps1'
[74.899s] INFO:colcon.colcon_core.shell:Creating package descriptor '/home/jetson/code/cv_bridge_ws/install/cv_bridge/share/cv_bridge/package.dsv'
[74.901s] INFO:colcon.colcon_core.shell:Creating package script '/home/jetson/code/cv_bridge_ws/install/cv_bridge/share/cv_bridge/package.sh'
[74.904s] INFO:colcon.colcon_core.shell:Creating package script '/home/jetson/code/cv_bridge_ws/install/cv_bridge/share/cv_bridge/package.bash'
[74.906s] INFO:colcon.colcon_core.shell:Creating package script '/home/jetson/code/cv_bridge_ws/install/cv_bridge/share/cv_bridge/package.zsh'
[74.907s] Level 1:colcon.colcon_core.environment:create_file_with_runtime_dependencies(/home/jetson/code/cv_bridge_ws/install/cv_bridge/share/colcon-core/packages/cv_bridge)
[74.909s] INFO:colcon.colcon_ros.task.ament_python.build:Building ROS package in '/home/jetson/code/cv_bridge_ws/src/vision_opencv/opencv_tests' with build type 'ament_python'
[74.910s] Level 1:colcon.colcon_core.shell:create_environment_hook('opencv_tests', 'ament_prefix_path')
[74.911s] INFO:colcon.colcon_core.shell:Creating environment hook '/home/jetson/code/cv_bridge_ws/install/opencv_tests/share/opencv_tests/hook/ament_prefix_path.ps1'
[74.914s] INFO:colcon.colcon_core.shell:Creating environment descriptor '/home/jetson/code/cv_bridge_ws/install/opencv_tests/share/opencv_tests/hook/ament_prefix_path.dsv'
[74.915s] INFO:colcon.colcon_core.shell:Creating environment hook '/home/jetson/code/cv_bridge_ws/install/opencv_tests/share/opencv_tests/hook/ament_prefix_path.sh'
[74.918s] INFO:colcon.colcon_core.shell:Skip shell extension 'powershell' for command environment: Not usable outside of PowerShell
[74.918s] DEBUG:colcon.colcon_core.shell:Skip shell extension 'dsv' for command environment
[74.941s] INFO:colcon.colcon_ros.task.ament_cmake.build:Building ROS package in '/home/jetson/code/cv_bridge_ws/src/vision_opencv/vision_opencv' with build type 'ament_cmake'
[74.942s] INFO:colcon.colcon_cmake.task.cmake.build:Building CMake package in '/home/jetson/code/cv_bridge_ws/src/vision_opencv/vision_opencv'
[74.944s] INFO:colcon.colcon_core.shell:Skip shell extension 'powershell' for command environment: Not usable outside of PowerShell
[74.944s] DEBUG:colcon.colcon_core.shell:Skip shell extension 'dsv' for command environment
[77.024s] INFO:colcon.colcon_core.task.python.build:Building Python package in '/home/jetson/code/cv_bridge_ws/src/vision_opencv/opencv_tests'
[77.025s] INFO:colcon.colcon_core.shell:Skip shell extension 'powershell' for command environment: Not usable outside of PowerShell
[77.026s] DEBUG:colcon.colcon_core.shell:Skip shell extension 'dsv' for command environment
[77.062s] DEBUG:colcon.colcon_core.event_handler.log_command:Invoking command in '/home/jetson/code/cv_bridge_ws/build/vision_opencv': AMENT_PREFIX_PATH=/home/jetson/code/cv_bridge_ws/install/image_geometry:/home/jetson/code/cv_bridge_ws/install/cv_bridge:${AMENT_PREFIX_PATH} CMAKE_PREFIX_PATH=/home/jetson/code/cv_bridge_ws/install/image_geometry:/home/jetson/code/cv_bridge_ws/install/cv_bridge:/opt/ros/foxy LD_LIBRARY_PATH=/home/jetson/code/cv_bridge_ws/install/image_geometry/lib:/home/jetson/code/cv_bridge_ws/install/cv_bridge/lib:/opt/ros/foxy/opt/yaml_cpp_vendor/lib:/opt/ros/foxy/opt/rviz_ogre_vendor/lib:/opt/ros/foxy/lib/aarch64-linux-gnu:/opt/ros/foxy/lib:/usr/local/cuda/lib64 PYTHONPATH=/home/jetson/code/cv_bridge_ws/install/image_geometry/lib/python3.8/site-packages:/home/jetson/code/cv_bridge_ws/install/cv_bridge/lib/python3.8/site-packages:${PYTHONPATH} /usr/bin/cmake /home/jetson/code/cv_bridge_ws/src/vision_opencv/vision_opencv -DAMENT_CMAKE_SYMLINK_INSTALL=1 -DCMAKE_INSTALL_PREFIX=/home/jetson/code/cv_bridge_ws/install/vision_opencv
[79.778s] DEBUG:colcon.colcon_core.event_handler.log_command:Invoking command in '/home/jetson/code/cv_bridge_ws/build/opencv_tests': AMENT_PREFIX_PATH=/home/jetson/code/cv_bridge_ws/install/cv_bridge:${AMENT_PREFIX_PATH} CMAKE_PREFIX_PATH=/home/jetson/code/cv_bridge_ws/install/cv_bridge LD_LIBRARY_PATH=/home/jetson/code/cv_bridge_ws/install/cv_bridge/lib:/opt/ros/foxy/opt/yaml_cpp_vendor/lib:/opt/ros/foxy/opt/rviz_ogre_vendor/lib:/opt/ros/foxy/lib/aarch64-linux-gnu:/opt/ros/foxy/lib:/usr/local/cuda/lib64 PYTHONPATH=/home/jetson/code/cv_bridge_ws/build/opencv_tests/prefix_override:/usr/lib/python3/dist-packages/colcon_core/task/python/colcon_distutils_commands:/home/jetson/code/cv_bridge_ws/install/opencv_tests/lib/python3.8/site-packages:/home/jetson/code/cv_bridge_ws/install/cv_bridge/lib/python3.8/site-packages:${PYTHONPATH} /usr/bin/python3 -W ignore:setup.py install is deprecated -W ignore:easy_install command is deprecated setup.py develop --editable --build-directory /home/jetson/code/cv_bridge_ws/build/opencv_tests/build --no-deps symlink_data
[81.014s] DEBUG:colcon.colcon_core.event_handler.log_command:Invoked command in '/home/jetson/code/cv_bridge_ws/build/vision_opencv' returned '0': AMENT_PREFIX_PATH=/home/jetson/code/cv_bridge_ws/install/image_geometry:/home/jetson/code/cv_bridge_ws/install/cv_bridge:${AMENT_PREFIX_PATH} CMAKE_PREFIX_PATH=/home/jetson/code/cv_bridge_ws/install/image_geometry:/home/jetson/code/cv_bridge_ws/install/cv_bridge:/opt/ros/foxy LD_LIBRARY_PATH=/home/jetson/code/cv_bridge_ws/install/image_geometry/lib:/home/jetson/code/cv_bridge_ws/install/cv_bridge/lib:/opt/ros/foxy/opt/yaml_cpp_vendor/lib:/opt/ros/foxy/opt/rviz_ogre_vendor/lib:/opt/ros/foxy/lib/aarch64-linux-gnu:/opt/ros/foxy/lib:/usr/local/cuda/lib64 PYTHONPATH=/home/jetson/code/cv_bridge_ws/install/image_geometry/lib/python3.8/site-packages:/home/jetson/code/cv_bridge_ws/install/cv_bridge/lib/python3.8/site-packages:${PYTHONPATH} /usr/bin/cmake /home/jetson/code/cv_bridge_ws/src/vision_opencv/vision_opencv -DAMENT_CMAKE_SYMLINK_INSTALL=1 -DCMAKE_INSTALL_PREFIX=/home/jetson/code/cv_bridge_ws/install/vision_opencv
[81.023s] DEBUG:colcon.colcon_core.event_handler.log_command:Invoking command in '/home/jetson/code/cv_bridge_ws/build/vision_opencv': AMENT_PREFIX_PATH=/home/jetson/code/cv_bridge_ws/install/image_geometry:/home/jetson/code/cv_bridge_ws/install/cv_bridge:${AMENT_PREFIX_PATH} CMAKE_PREFIX_PATH=/home/jetson/code/cv_bridge_ws/install/image_geometry:/home/jetson/code/cv_bridge_ws/install/cv_bridge:/opt/ros/foxy LD_LIBRARY_PATH=/home/jetson/code/cv_bridge_ws/install/image_geometry/lib:/home/jetson/code/cv_bridge_ws/install/cv_bridge/lib:/opt/ros/foxy/opt/yaml_cpp_vendor/lib:/opt/ros/foxy/opt/rviz_ogre_vendor/lib:/opt/ros/foxy/lib/aarch64-linux-gnu:/opt/ros/foxy/lib:/usr/local/cuda/lib64 PYTHONPATH=/home/jetson/code/cv_bridge_ws/install/image_geometry/lib/python3.8/site-packages:/home/jetson/code/cv_bridge_ws/install/cv_bridge/lib/python3.8/site-packages:${PYTHONPATH} /usr/bin/cmake --build /home/jetson/code/cv_bridge_ws/build/vision_opencv -- -j4 -l4
[81.187s] DEBUG:colcon.colcon_core.event_handler.log_command:Invoked command in '/home/jetson/code/cv_bridge_ws/build/vision_opencv' returned '0': AMENT_PREFIX_PATH=/home/jetson/code/cv_bridge_ws/install/image_geometry:/home/jetson/code/cv_bridge_ws/install/cv_bridge:${AMENT_PREFIX_PATH} CMAKE_PREFIX_PATH=/home/jetson/code/cv_bridge_ws/install/image_geometry:/home/jetson/code/cv_bridge_ws/install/cv_bridge:/opt/ros/foxy LD_LIBRARY_PATH=/home/jetson/code/cv_bridge_ws/install/image_geometry/lib:/home/jetson/code/cv_bridge_ws/install/cv_bridge/lib:/opt/ros/foxy/opt/yaml_cpp_vendor/lib:/opt/ros/foxy/opt/rviz_ogre_vendor/lib:/opt/ros/foxy/lib/aarch64-linux-gnu:/opt/ros/foxy/lib:/usr/local/cuda/lib64 PYTHONPATH=/home/jetson/code/cv_bridge_ws/install/image_geometry/lib/python3.8/site-packages:/home/jetson/code/cv_bridge_ws/install/cv_bridge/lib/python3.8/site-packages:${PYTHONPATH} /usr/bin/cmake --build /home/jetson/code/cv_bridge_ws/build/vision_opencv -- -j4 -l4
[81.197s] DEBUG:colcon.colcon_core.event_handler.log_command:Invoking command in '/home/jetson/code/cv_bridge_ws/build/vision_opencv': AMENT_PREFIX_PATH=/home/jetson/code/cv_bridge_ws/install/image_geometry:/home/jetson/code/cv_bridge_ws/install/cv_bridge:${AMENT_PREFIX_PATH} CMAKE_PREFIX_PATH=/home/jetson/code/cv_bridge_ws/install/image_geometry:/home/jetson/code/cv_bridge_ws/install/cv_bridge:/opt/ros/foxy LD_LIBRARY_PATH=/home/jetson/code/cv_bridge_ws/install/image_geometry/lib:/home/jetson/code/cv_bridge_ws/install/cv_bridge/lib:/opt/ros/foxy/opt/yaml_cpp_vendor/lib:/opt/ros/foxy/opt/rviz_ogre_vendor/lib:/opt/ros/foxy/lib/aarch64-linux-gnu:/opt/ros/foxy/lib:/usr/local/cuda/lib64 PYTHONPATH=/home/jetson/code/cv_bridge_ws/install/image_geometry/lib/python3.8/site-packages:/home/jetson/code/cv_bridge_ws/install/cv_bridge/lib/python3.8/site-packages:${PYTHONPATH} /usr/bin/cmake --install /home/jetson/code/cv_bridge_ws/build/vision_opencv
[81.790s] Level 1:colcon.colcon_core.environment:create_environment_scripts_only(vision_opencv)
[81.792s] Level 1:colcon.colcon_core.environment:checking '/home/jetson/code/cv_bridge_ws/install/vision_opencv' for CMake module files
[81.794s] DEBUG:colcon.colcon_core.event_handler.log_command:Invoked command in '/home/jetson/code/cv_bridge_ws/build/vision_opencv' returned '0': AMENT_PREFIX_PATH=/home/jetson/code/cv_bridge_ws/install/image_geometry:/home/jetson/code/cv_bridge_ws/install/cv_bridge:${AMENT_PREFIX_PATH} CMAKE_PREFIX_PATH=/home/jetson/code/cv_bridge_ws/install/image_geometry:/home/jetson/code/cv_bridge_ws/install/cv_bridge:/opt/ros/foxy LD_LIBRARY_PATH=/home/jetson/code/cv_bridge_ws/install/image_geometry/lib:/home/jetson/code/cv_bridge_ws/install/cv_bridge/lib:/opt/ros/foxy/opt/yaml_cpp_vendor/lib:/opt/ros/foxy/opt/rviz_ogre_vendor/lib:/opt/ros/foxy/lib/aarch64-linux-gnu:/opt/ros/foxy/lib:/usr/local/cuda/lib64 PYTHONPATH=/home/jetson/code/cv_bridge_ws/install/image_geometry/lib/python3.8/site-packages:/home/jetson/code/cv_bridge_ws/install/cv_bridge/lib/python3.8/site-packages:${PYTHONPATH} /usr/bin/cmake --install /home/jetson/code/cv_bridge_ws/build/vision_opencv
[81.796s] Level 1:colcon.colcon_core.environment:checking '/home/jetson/code/cv_bridge_ws/install/vision_opencv' for CMake config files
[81.798s] Level 1:colcon.colcon_core.shell:create_environment_hook('vision_opencv', 'cmake_prefix_path')
[81.799s] INFO:colcon.colcon_core.shell:Creating environment hook '/home/jetson/code/cv_bridge_ws/install/vision_opencv/share/vision_opencv/hook/cmake_prefix_path.ps1'
[81.802s] INFO:colcon.colcon_core.shell:Creating environment descriptor '/home/jetson/code/cv_bridge_ws/install/vision_opencv/share/vision_opencv/hook/cmake_prefix_path.dsv'
[81.803s] INFO:colcon.colcon_core.shell:Creating environment hook '/home/jetson/code/cv_bridge_ws/install/vision_opencv/share/vision_opencv/hook/cmake_prefix_path.sh'
[81.805s] Level 1:colcon.colcon_core.environment:checking '/home/jetson/code/cv_bridge_ws/install/vision_opencv/bin'
[81.806s] Level 1:colcon.colcon_core.environment:checking '/home/jetson/code/cv_bridge_ws/install/vision_opencv/lib/pkgconfig/vision_opencv.pc'
[81.806s] Level 1:colcon.colcon_core.environment:checking '/home/jetson/code/cv_bridge_ws/install/vision_opencv/lib/python3.8/site-packages'
[81.807s] Level 1:colcon.colcon_core.environment:checking '/home/jetson/code/cv_bridge_ws/install/vision_opencv/bin'
[81.809s] INFO:colcon.colcon_core.shell:Creating package script '/home/jetson/code/cv_bridge_ws/install/vision_opencv/share/vision_opencv/package.ps1'
[81.811s] INFO:colcon.colcon_core.shell:Creating package descriptor '/home/jetson/code/cv_bridge_ws/install/vision_opencv/share/vision_opencv/package.dsv'
[81.812s] INFO:colcon.colcon_core.shell:Creating package script '/home/jetson/code/cv_bridge_ws/install/vision_opencv/share/vision_opencv/package.sh'
[81.814s] INFO:colcon.colcon_core.shell:Creating package script '/home/jetson/code/cv_bridge_ws/install/vision_opencv/share/vision_opencv/package.bash'
[81.815s] INFO:colcon.colcon_core.shell:Creating package script '/home/jetson/code/cv_bridge_ws/install/vision_opencv/share/vision_opencv/package.zsh'
[81.817s] Level 1:colcon.colcon_core.environment:create_file_with_runtime_dependencies(/home/jetson/code/cv_bridge_ws/install/vision_opencv/share/colcon-core/packages/vision_opencv)
[81.819s] Level 1:colcon.colcon_core.environment:create_environment_scripts_only(vision_opencv)
[81.820s] Level 1:colcon.colcon_core.environment:checking '/home/jetson/code/cv_bridge_ws/install/vision_opencv' for CMake module files
[81.822s] Level 1:colcon.colcon_core.environment:checking '/home/jetson/code/cv_bridge_ws/install/vision_opencv' for CMake config files
[81.824s] Level 1:colcon.colcon_core.shell:create_environment_hook('vision_opencv', 'cmake_prefix_path')
[81.825s] INFO:colcon.colcon_core.shell:Creating environment hook '/home/jetson/code/cv_bridge_ws/install/vision_opencv/share/vision_opencv/hook/cmake_prefix_path.ps1'
[81.828s] INFO:colcon.colcon_core.shell:Creating environment descriptor '/home/jetson/code/cv_bridge_ws/install/vision_opencv/share/vision_opencv/hook/cmake_prefix_path.dsv'
[81.832s] INFO:colcon.colcon_core.shell:Creating environment hook '/home/jetson/code/cv_bridge_ws/install/vision_opencv/share/vision_opencv/hook/cmake_prefix_path.sh'
[81.834s] Level 1:colcon.colcon_core.environment:checking '/home/jetson/code/cv_bridge_ws/install/vision_opencv/bin'
[81.834s] Level 1:colcon.colcon_core.environment:checking '/home/jetson/code/cv_bridge_ws/install/vision_opencv/lib/pkgconfig/vision_opencv.pc'
[81.835s] Level 1:colcon.colcon_core.environment:checking '/home/jetson/code/cv_bridge_ws/install/vision_opencv/lib/python3.8/site-packages'
[81.836s] Level 1:colcon.colcon_core.environment:checking '/home/jetson/code/cv_bridge_ws/install/vision_opencv/bin'
[81.838s] INFO:colcon.colcon_core.shell:Creating package script '/home/jetson/code/cv_bridge_ws/install/vision_opencv/share/vision_opencv/package.ps1'
[81.841s] INFO:colcon.colcon_core.shell:Creating package descriptor '/home/jetson/code/cv_bridge_ws/install/vision_opencv/share/vision_opencv/package.dsv'
[81.843s] INFO:colcon.colcon_core.shell:Creating package script '/home/jetson/code/cv_bridge_ws/install/vision_opencv/share/vision_opencv/package.sh'
[81.845s] INFO:colcon.colcon_core.shell:Creating package script '/home/jetson/code/cv_bridge_ws/install/vision_opencv/share/vision_opencv/package.bash'
[81.847s] INFO:colcon.colcon_core.shell:Creating package script '/home/jetson/code/cv_bridge_ws/install/vision_opencv/share/vision_opencv/package.zsh'
[81.849s] Level 1:colcon.colcon_core.environment:create_file_with_runtime_dependencies(/home/jetson/code/cv_bridge_ws/install/vision_opencv/share/colcon-core/packages/vision_opencv)
[82.586s] Level 1:colcon.colcon_core.shell:create_environment_hook('opencv_tests', 'pythonpath_develop')
[82.588s] INFO:colcon.colcon_core.shell:Creating environment hook '/home/jetson/code/cv_bridge_ws/build/opencv_tests/share/opencv_tests/hook/pythonpath_develop.ps1'
[82.590s] DEBUG:colcon.colcon_core.event_handler.log_command:Invoked command in '/home/jetson/code/cv_bridge_ws/build/opencv_tests' returned '0': AMENT_PREFIX_PATH=/home/jetson/code/cv_bridge_ws/install/cv_bridge:${AMENT_PREFIX_PATH} CMAKE_PREFIX_PATH=/home/jetson/code/cv_bridge_ws/install/cv_bridge LD_LIBRARY_PATH=/home/jetson/code/cv_bridge_ws/install/cv_bridge/lib:/opt/ros/foxy/opt/yaml_cpp_vendor/lib:/opt/ros/foxy/opt/rviz_ogre_vendor/lib:/opt/ros/foxy/lib/aarch64-linux-gnu:/opt/ros/foxy/lib:/usr/local/cuda/lib64 PYTHONPATH=/home/jetson/code/cv_bridge_ws/build/opencv_tests/prefix_override:/usr/lib/python3/dist-packages/colcon_core/task/python/colcon_distutils_commands:/home/jetson/code/cv_bridge_ws/install/opencv_tests/lib/python3.8/site-packages:/home/jetson/code/cv_bridge_ws/install/cv_bridge/lib/python3.8/site-packages:${PYTHONPATH} /usr/bin/python3 -W ignore:setup.py install is deprecated -W ignore:easy_install command is deprecated setup.py develop --editable --build-directory /home/jetson/code/cv_bridge_ws/build/opencv_tests/build --no-deps symlink_data
[82.592s] INFO:colcon.colcon_core.shell:Creating environment descriptor '/home/jetson/code/cv_bridge_ws/build/opencv_tests/share/opencv_tests/hook/pythonpath_develop.dsv'
[82.593s] INFO:colcon.colcon_core.shell:Creating environment hook '/home/jetson/code/cv_bridge_ws/build/opencv_tests/share/opencv_tests/hook/pythonpath_develop.sh'
[82.596s] Level 1:colcon.colcon_core.environment:checking '/home/jetson/code/cv_bridge_ws/install/opencv_tests' for CMake module files
[82.598s] Level 1:colcon.colcon_core.environment:checking '/home/jetson/code/cv_bridge_ws/install/opencv_tests' for CMake config files
[82.600s] Level 1:colcon.colcon_core.environment:checking '/home/jetson/code/cv_bridge_ws/install/opencv_tests/lib'
[82.600s] Level 1:colcon.colcon_core.environment:checking '/home/jetson/code/cv_bridge_ws/install/opencv_tests/bin'
[82.601s] Level 1:colcon.colcon_core.environment:checking '/home/jetson/code/cv_bridge_ws/install/opencv_tests/lib/pkgconfig/opencv_tests.pc'
[82.602s] Level 1:colcon.colcon_core.environment:checking '/home/jetson/code/cv_bridge_ws/install/opencv_tests/lib/python3.8/site-packages'
[82.602s] Level 1:colcon.colcon_core.shell:create_environment_hook('opencv_tests', 'pythonpath')
[82.603s] INFO:colcon.colcon_core.shell:Creating environment hook '/home/jetson/code/cv_bridge_ws/install/opencv_tests/share/opencv_tests/hook/pythonpath.ps1'
[82.605s] INFO:colcon.colcon_core.shell:Creating environment descriptor '/home/jetson/code/cv_bridge_ws/install/opencv_tests/share/opencv_tests/hook/pythonpath.dsv'
[82.606s] INFO:colcon.colcon_core.shell:Creating environment hook '/home/jetson/code/cv_bridge_ws/install/opencv_tests/share/opencv_tests/hook/pythonpath.sh'
[82.608s] Level 1:colcon.colcon_core.environment:checking '/home/jetson/code/cv_bridge_ws/install/opencv_tests/bin'
[82.609s] Level 1:colcon.colcon_core.environment:create_environment_scripts_only(opencv_tests)
[82.610s] INFO:colcon.colcon_core.shell:Creating package script '/home/jetson/code/cv_bridge_ws/install/opencv_tests/share/opencv_tests/package.ps1'
[82.613s] INFO:colcon.colcon_core.shell:Creating package descriptor '/home/jetson/code/cv_bridge_ws/install/opencv_tests/share/opencv_tests/package.dsv'
[82.616s] INFO:colcon.colcon_core.shell:Creating package script '/home/jetson/code/cv_bridge_ws/install/opencv_tests/share/opencv_tests/package.sh'
[82.618s] INFO:colcon.colcon_core.shell:Creating package script '/home/jetson/code/cv_bridge_ws/install/opencv_tests/share/opencv_tests/package.bash'
[82.620s] INFO:colcon.colcon_core.shell:Creating package script '/home/jetson/code/cv_bridge_ws/install/opencv_tests/share/opencv_tests/package.zsh'
[82.622s] Level 1:colcon.colcon_core.environment:create_file_with_runtime_dependencies(/home/jetson/code/cv_bridge_ws/install/opencv_tests/share/colcon-core/packages/opencv_tests)
[82.624s] DEBUG:colcon.colcon_parallel_executor.executor.parallel:closing loop
[82.625s] DEBUG:colcon.colcon_parallel_executor.executor.parallel:loop closed
[82.625s] DEBUG:colcon.colcon_parallel_executor.executor.parallel:run_until_complete finished with '0'
[82.626s] DEBUG:colcon.colcon_core.event_reactor:joining thread
[82.686s] INFO:colcon.colcon_core.plugin_system:Skipping extension 'colcon_notification.desktop_notification.terminal_notifier': Not used on non-Darwin systems
[82.686s] INFO:colcon.colcon_core.plugin_system:Skipping extension 'colcon_notification.desktop_notification.win32': Not used on non-Windows systems
[82.686s] INFO:colcon.colcon_notification.desktop_notification:Sending desktop notification using 'notify2'
[83.088s] DEBUG:colcon.colcon_notification.desktop_notification.notify2:Failed to initialize notify2: org.freedesktop.DBus.Error.Spawn.ChildExited: Process org.freedesktop.Notifications exited with status 1
[83.088s] DEBUG:colcon.colcon_core.event_reactor:joined thread
[83.090s] INFO:colcon.colcon_core.shell:Creating prefix script '/home/jetson/code/cv_bridge_ws/install/local_setup.ps1'
[83.097s] INFO:colcon.colcon_core.shell:Creating prefix util module '/home/jetson/code/cv_bridge_ws/install/_local_setup_util_ps1.py'
[83.104s] INFO:colcon.colcon_core.shell:Creating prefix chain script '/home/jetson/code/cv_bridge_ws/install/setup.ps1'
[83.109s] INFO:colcon.colcon_core.shell:Creating prefix script '/home/jetson/code/cv_bridge_ws/install/local_setup.sh'
[83.111s] INFO:colcon.colcon_core.shell:Creating prefix util module '/home/jetson/code/cv_bridge_ws/install/_local_setup_util_sh.py'
[83.114s] INFO:colcon.colcon_core.shell:Creating prefix chain script '/home/jetson/code/cv_bridge_ws/install/setup.sh'
[83.118s] INFO:colcon.colcon_core.shell:Creating prefix script '/home/jetson/code/cv_bridge_ws/install/local_setup.bash'
[83.121s] INFO:colcon.colcon_core.shell:Creating prefix chain script '/home/jetson/code/cv_bridge_ws/install/setup.bash'
[83.126s] INFO:colcon.colcon_core.shell:Creating prefix script '/home/jetson/code/cv_bridge_ws/install/local_setup.zsh'
[83.128s] INFO:colcon.colcon_core.shell:Creating prefix chain script '/home/jetson/code/cv_bridge_ws/install/setup.zsh'
