[2.117s] Invoking command in '/home/jetson/code/cv_bridge_ws/build/vision_opencv': AMENT_PREFIX_PATH=/home/jetson/code/cv_bridge_ws/install/image_geometry:/home/jetson/code/cv_bridge_ws/install/cv_bridge:${AMENT_PREFIX_PATH} CMAKE_PREFIX_PATH=/home/jetson/code/cv_bridge_ws/install/image_geometry:/home/jetson/code/cv_bridge_ws/install/cv_bridge:/opt/ros/foxy LD_LIBRARY_PATH=/home/jetson/code/cv_bridge_ws/install/image_geometry/lib:/home/jetson/code/cv_bridge_ws/install/cv_bridge/lib:/opt/ros/foxy/opt/yaml_cpp_vendor/lib:/opt/ros/foxy/opt/rviz_ogre_vendor/lib:/opt/ros/foxy/lib/aarch64-linux-gnu:/opt/ros/foxy/lib:/usr/local/cuda/lib64 PYTHONPATH=/home/jetson/code/cv_bridge_ws/install/image_geometry/lib/python3.8/site-packages:/home/jetson/code/cv_bridge_ws/install/cv_bridge/lib/python3.8/site-packages:${PYTHONPATH} /usr/bin/cmake /home/jetson/code/cv_bridge_ws/src/vision_opencv/vision_opencv -DAMENT_CMAKE_SYMLINK_INSTALL=1 -DCMAKE_INSTALL_PREFIX=/home/jetson/code/cv_bridge_ws/install/vision_opencv
[2.573s] -- The C compiler identification is GNU 8.4.0
[2.805s] -- The CXX compiler identification is GNU 8.4.0
[2.837s] -- Check for working C compiler: /usr/bin/cc
[3.145s] -- Check for working C compiler: /usr/bin/cc -- works
[3.154s] -- Detecting C compiler ABI info
[3.426s] -- Detecting C compiler ABI info - done
[3.476s] -- Detecting C compile features
[3.478s] -- Detecting C compile features - done
[3.491s] -- Check for working CXX compiler: /usr/bin/c++
[3.803s] -- Check for working CXX compiler: /usr/bin/c++ -- works
[3.808s] -- Detecting CXX compiler ABI info
[4.113s] -- Detecting CXX compiler ABI info - done
[4.172s] -- Detecting CXX compile features
[4.174s] -- Detecting CXX compile features - done
[4.235s] -- Found ament_cmake: 0.9.12 (/opt/ros/foxy/share/ament_cmake/cmake)
[4.389s] -- Found PythonInterp: /usr/bin/python3 (found suitable version "3.8.10", minimum required is "3") 
[4.390s] -- Using PYTHON_EXECUTABLE: /usr/bin/python3
[5.541s] -- Override CMake install command with custom implementation using symlinks instead of copying resources
[6.044s] -- Configuring done
[6.052s] -- Generating done
[6.057s] -- Build files have been written to: /home/jetson/code/cv_bridge_ws/build/vision_opencv
[6.070s] Invoked command in '/home/jetson/code/cv_bridge_ws/build/vision_opencv' returned '0': AMENT_PREFIX_PATH=/home/jetson/code/cv_bridge_ws/install/image_geometry:/home/jetson/code/cv_bridge_ws/install/cv_bridge:${AMENT_PREFIX_PATH} CMAKE_PREFIX_PATH=/home/jetson/code/cv_bridge_ws/install/image_geometry:/home/jetson/code/cv_bridge_ws/install/cv_bridge:/opt/ros/foxy LD_LIBRARY_PATH=/home/jetson/code/cv_bridge_ws/install/image_geometry/lib:/home/jetson/code/cv_bridge_ws/install/cv_bridge/lib:/opt/ros/foxy/opt/yaml_cpp_vendor/lib:/opt/ros/foxy/opt/rviz_ogre_vendor/lib:/opt/ros/foxy/lib/aarch64-linux-gnu:/opt/ros/foxy/lib:/usr/local/cuda/lib64 PYTHONPATH=/home/jetson/code/cv_bridge_ws/install/image_geometry/lib/python3.8/site-packages:/home/jetson/code/cv_bridge_ws/install/cv_bridge/lib/python3.8/site-packages:${PYTHONPATH} /usr/bin/cmake /home/jetson/code/cv_bridge_ws/src/vision_opencv/vision_opencv -DAMENT_CMAKE_SYMLINK_INSTALL=1 -DCMAKE_INSTALL_PREFIX=/home/jetson/code/cv_bridge_ws/install/vision_opencv
[6.078s] Invoking command in '/home/jetson/code/cv_bridge_ws/build/vision_opencv': AMENT_PREFIX_PATH=/home/jetson/code/cv_bridge_ws/install/image_geometry:/home/jetson/code/cv_bridge_ws/install/cv_bridge:${AMENT_PREFIX_PATH} CMAKE_PREFIX_PATH=/home/jetson/code/cv_bridge_ws/install/image_geometry:/home/jetson/code/cv_bridge_ws/install/cv_bridge:/opt/ros/foxy LD_LIBRARY_PATH=/home/jetson/code/cv_bridge_ws/install/image_geometry/lib:/home/jetson/code/cv_bridge_ws/install/cv_bridge/lib:/opt/ros/foxy/opt/yaml_cpp_vendor/lib:/opt/ros/foxy/opt/rviz_ogre_vendor/lib:/opt/ros/foxy/lib/aarch64-linux-gnu:/opt/ros/foxy/lib:/usr/local/cuda/lib64 PYTHONPATH=/home/jetson/code/cv_bridge_ws/install/image_geometry/lib/python3.8/site-packages:/home/jetson/code/cv_bridge_ws/install/cv_bridge/lib/python3.8/site-packages:${PYTHONPATH} /usr/bin/cmake --build /home/jetson/code/cv_bridge_ws/build/vision_opencv -- -j4 -l4
[6.242s] Invoked command in '/home/jetson/code/cv_bridge_ws/build/vision_opencv' returned '0': AMENT_PREFIX_PATH=/home/jetson/code/cv_bridge_ws/install/image_geometry:/home/jetson/code/cv_bridge_ws/install/cv_bridge:${AMENT_PREFIX_PATH} CMAKE_PREFIX_PATH=/home/jetson/code/cv_bridge_ws/install/image_geometry:/home/jetson/code/cv_bridge_ws/install/cv_bridge:/opt/ros/foxy LD_LIBRARY_PATH=/home/jetson/code/cv_bridge_ws/install/image_geometry/lib:/home/jetson/code/cv_bridge_ws/install/cv_bridge/lib:/opt/ros/foxy/opt/yaml_cpp_vendor/lib:/opt/ros/foxy/opt/rviz_ogre_vendor/lib:/opt/ros/foxy/lib/aarch64-linux-gnu:/opt/ros/foxy/lib:/usr/local/cuda/lib64 PYTHONPATH=/home/jetson/code/cv_bridge_ws/install/image_geometry/lib/python3.8/site-packages:/home/jetson/code/cv_bridge_ws/install/cv_bridge/lib/python3.8/site-packages:${PYTHONPATH} /usr/bin/cmake --build /home/jetson/code/cv_bridge_ws/build/vision_opencv -- -j4 -l4
[6.252s] Invoking command in '/home/jetson/code/cv_bridge_ws/build/vision_opencv': AMENT_PREFIX_PATH=/home/jetson/code/cv_bridge_ws/install/image_geometry:/home/jetson/code/cv_bridge_ws/install/cv_bridge:${AMENT_PREFIX_PATH} CMAKE_PREFIX_PATH=/home/jetson/code/cv_bridge_ws/install/image_geometry:/home/jetson/code/cv_bridge_ws/install/cv_bridge:/opt/ros/foxy LD_LIBRARY_PATH=/home/jetson/code/cv_bridge_ws/install/image_geometry/lib:/home/jetson/code/cv_bridge_ws/install/cv_bridge/lib:/opt/ros/foxy/opt/yaml_cpp_vendor/lib:/opt/ros/foxy/opt/rviz_ogre_vendor/lib:/opt/ros/foxy/lib/aarch64-linux-gnu:/opt/ros/foxy/lib:/usr/local/cuda/lib64 PYTHONPATH=/home/jetson/code/cv_bridge_ws/install/image_geometry/lib/python3.8/site-packages:/home/jetson/code/cv_bridge_ws/install/cv_bridge/lib/python3.8/site-packages:${PYTHONPATH} /usr/bin/cmake --install /home/jetson/code/cv_bridge_ws/build/vision_opencv
[6.285s] -- Install configuration: ""
[6.287s] -- Execute custom install script
[6.289s] -- Symlinking: /home/jetson/code/cv_bridge_ws/install/vision_opencv/share/ament_index/resource_index/package_run_dependencies/vision_opencv
[6.330s] -- Symlinking: /home/jetson/code/cv_bridge_ws/install/vision_opencv/share/ament_index/resource_index/parent_prefix_path/vision_opencv
[6.374s] -- Symlinking: /home/jetson/code/cv_bridge_ws/install/vision_opencv/share/vision_opencv/environment/ament_prefix_path.sh
[6.409s] -- Symlinking: /home/jetson/code/cv_bridge_ws/install/vision_opencv/share/vision_opencv/environment/ament_prefix_path.dsv
[6.444s] -- Symlinking: /home/jetson/code/cv_bridge_ws/install/vision_opencv/share/vision_opencv/environment/path.sh
[6.479s] -- Symlinking: /home/jetson/code/cv_bridge_ws/install/vision_opencv/share/vision_opencv/environment/path.dsv
[6.513s] -- Symlinking: /home/jetson/code/cv_bridge_ws/install/vision_opencv/share/vision_opencv/local_setup.bash
[6.550s] -- Symlinking: /home/jetson/code/cv_bridge_ws/install/vision_opencv/share/vision_opencv/local_setup.sh
[6.586s] -- Symlinking: /home/jetson/code/cv_bridge_ws/install/vision_opencv/share/vision_opencv/local_setup.zsh
[6.620s] -- Symlinking: /home/jetson/code/cv_bridge_ws/install/vision_opencv/share/vision_opencv/local_setup.dsv
[6.658s] -- Symlinking: /home/jetson/code/cv_bridge_ws/install/vision_opencv/share/vision_opencv/package.dsv
[6.695s] -- Symlinking: /home/jetson/code/cv_bridge_ws/install/vision_opencv/share/ament_index/resource_index/packages/vision_opencv
[6.738s] -- Symlinking: /home/jetson/code/cv_bridge_ws/install/vision_opencv/share/vision_opencv/cmake/vision_opencvConfig.cmake
[6.772s] -- Symlinking: /home/jetson/code/cv_bridge_ws/install/vision_opencv/share/vision_opencv/cmake/vision_opencvConfig-version.cmake
[6.807s] -- Symlinking: /home/jetson/code/cv_bridge_ws/install/vision_opencv/share/vision_opencv/package.xml
[6.850s] Invoked command in '/home/jetson/code/cv_bridge_ws/build/vision_opencv' returned '0': AMENT_PREFIX_PATH=/home/jetson/code/cv_bridge_ws/install/image_geometry:/home/jetson/code/cv_bridge_ws/install/cv_bridge:${AMENT_PREFIX_PATH} CMAKE_PREFIX_PATH=/home/jetson/code/cv_bridge_ws/install/image_geometry:/home/jetson/code/cv_bridge_ws/install/cv_bridge:/opt/ros/foxy LD_LIBRARY_PATH=/home/jetson/code/cv_bridge_ws/install/image_geometry/lib:/home/jetson/code/cv_bridge_ws/install/cv_bridge/lib:/opt/ros/foxy/opt/yaml_cpp_vendor/lib:/opt/ros/foxy/opt/rviz_ogre_vendor/lib:/opt/ros/foxy/lib/aarch64-linux-gnu:/opt/ros/foxy/lib:/usr/local/cuda/lib64 PYTHONPATH=/home/jetson/code/cv_bridge_ws/install/image_geometry/lib/python3.8/site-packages:/home/jetson/code/cv_bridge_ws/install/cv_bridge/lib/python3.8/site-packages:${PYTHONPATH} /usr/bin/cmake --install /home/jetson/code/cv_bridge_ws/build/vision_opencv
